<?xml version="1.0" encoding="UTF-8"?>
<!-- Generated by org.testng.reporters.JUnitXMLReporter -->
<testsuite ignored="6" hostname="DESKTOP-J7D4AO1" failures="0" tests="37" name="Surefire test" time="99.283" errors="0" timestamp="2023-02-26T21:07:16 CET">
  <testcase classname="CartTest" name="checkProductsInCart" time="0.554"/>
  <testcase classname="CartTest" name="checkoutButton" time="0.435"/>
  <testcase classname="CartTest" name="continueShoppingButton" time="0.408"/>
  <testcase classname="CartTest" name="removeProductInCart" time="0.473"/>
  <testcase classname="CheckoutOverviewTest" name="checkCancelButton" time="1.013"/>
  <testcase classname="CheckoutOverviewTest" name="checkFinishButton" time="0.854"/>
  <testcase classname="CheckoutOverviewTest" name="checkQuantityOfProducts" time="1.57"/>
  <testcase classname="CheckoutOverviewTest" name="summaryTaxAndProducts" time="1.709"/>
  <testcase classname="CheckoutOverviewTest" name="totalPrice" time="1.625"/>
  <testcase classname="CheckoutTest" name="allEmptyFields" time="0.713"/>
  <testcase classname="CheckoutTest" name="instertAllData" time="0.894"/>
  <testcase classname="CheckoutTest" name="instertAllWithoutName" time="0.955"/>
  <testcase classname="CheckoutTest" name="instertAllWithoutPostalCode" time="1.013"/>
  <testcase classname="CheckoutTest" name="instertAllWithoutSurname" time="1.086"/>
  <testcase classname="CheckoutTest" name="instertOnlyName" time="0.799"/>
  <testcase classname="CheckoutTest" name="instertOnlyPostalCode" time="0.658"/>
  <testcase classname="CheckoutTest" name="instertOnlySurname" time="0.931"/>
  <testcase classname="ListingTest" name="addToCartFromListing" time="0.623"/>
  <testcase classname="ListingTest" name="areElementsVisible" time="0.315"/>
  <testcase classname="ListingTest" name="removeFromCartFromListing" time="0.461"/>
  <testcase classname="ListingTest" name="removeProductAddedFromProdPage" time="0.585"/>
  <testcase classname="ListingTest" name="sortingAToZ" time="0.687"/>
  <testcase classname="ListingTest" name="sortingByPriceHighToLow" time="0.827"/>
  <testcase classname="ListingTest" name="sortingByPriceLowToHigh" time="0.747"/>
  <testcase classname="ListingTest" name="sortingZToA" time="0.629"/>
  <testcase classname="ListingTest" name="updatingDecreasingCartIcon" time="1.15"/>
  <testcase classname="ListingTest" name="updatingIncreasingCartIcon" time="0.676"/>
  <testcase classname="LoginTest" name="loginTest" time="0.343"/>
  <testcase classname="LoginTest" name="loginTestLockedUser" time="0.294"/>
  <testcase classname="LoginTest" name="loginTestWithoutData" time="0.25"/>
  <testcase classname="LoginTest" name="loginTestWithoutLogin" time="0.268"/>
  <testcase classname="LoginTest" name="loginTestWithoutPassword" time="0.263"/>
  <testcase classname="ProductTest" name="addToCart" time="0.627"/>
  <testcase classname="ProductTest" name="areElementsVisible" time="0.558"/>
  <testcase classname="ProductTest" name="backToListingButton" time="0.396"/>
  <testcase classname="ProductTest" name="isRemoveButtonVisible" time="0.509"/>
  <testcase classname="ProductTest" name="removeProdAddedOnListing" time="0.543"/>
  <testcase classname="BaseTest" name="@BeforeSuite reportSetup" time="0.0">
    <ignored/>
  </testcase> <!-- @BeforeSuite reportSetup -->
  <testcase classname="BaseTest" name="@BeforeSuite reportSetup" time="0.0">
    <ignored/>
  </testcase> <!-- @BeforeSuite reportSetup -->
  <testcase classname="BaseTest" name="@BeforeSuite reportSetup" time="0.0">
    <ignored/>
  </testcase> <!-- @BeforeSuite reportSetup -->
  <testcase classname="BaseTest" name="@BeforeSuite reportSetup" time="0.0">
    <ignored/>
  </testcase> <!-- @BeforeSuite reportSetup -->
  <testcase classname="BaseTest" name="@BeforeSuite reportSetup" time="0.0">
    <ignored/>
  </testcase> <!-- @BeforeSuite reportSetup -->
  <testcase classname="BaseTest" name="@BeforeSuite reportSetup" time="0.0">
    <ignored/>
  </testcase> <!-- @BeforeSuite reportSetup -->
</testsuite> <!-- Surefire test -->
