<?xml version="1.0" encoding="UTF-8"?>
<!-- Generated by org.testng.reporters.JUnitXMLReporter -->
<testsuite ignored="6" hostname="DESKTOP-J7D4AO1" failures="0" tests="37" name="Surefire test" time="82.397" errors="0" timestamp="2023-03-11T13:23:59 CET">
  <testcase classname="CartTest" name="checkProductsInCart" time="0.65"/>
  <testcase classname="CartTest" name="checkoutButton" time="0.505"/>
  <testcase classname="CartTest" name="continueShoppingButton" time="0.498"/>
  <testcase classname="CartTest" name="removeProductInCart" time="0.528"/>
  <testcase classname="CheckoutOverviewTest" name="checkCancelButton" time="1.034"/>
  <testcase classname="CheckoutOverviewTest" name="checkFinishButton" time="1.054"/>
  <testcase classname="CheckoutOverviewTest" name="checkQuantityOfProducts" time="1.243"/>
  <testcase classname="CheckoutOverviewTest" name="summaryTaxAndProducts" time="1.406"/>
  <testcase classname="CheckoutOverviewTest" name="totalPrice" time="1.335"/>
  <testcase classname="CheckoutTest" name="allEmptyFields" time="0.655"/>
  <testcase classname="CheckoutTest" name="instertAllData" time="0.768"/>
  <testcase classname="CheckoutTest" name="instertAllWithoutName" time="0.864"/>
  <testcase classname="CheckoutTest" name="instertAllWithoutPostalCode" time="0.892"/>
  <testcase classname="CheckoutTest" name="instertAllWithoutSurname" time="0.849"/>
  <testcase classname="CheckoutTest" name="instertOnlyName" time="0.881"/>
  <testcase classname="CheckoutTest" name="instertOnlyPostalCode" time="0.847"/>
  <testcase classname="CheckoutTest" name="instertOnlySurname" time="0.89"/>
  <testcase classname="ListingTest" name="addToCartFromListing" time="0.491"/>
  <testcase classname="ListingTest" name="areElementsVisible" time="0.29"/>
  <testcase classname="ListingTest" name="removeFromCartFromListing" time="0.359"/>
  <testcase classname="ListingTest" name="removeProductAddedFromProdPage" time="0.492"/>
  <testcase classname="ListingTest" name="sortingAToZ" time="0.462"/>
  <testcase classname="ListingTest" name="sortingByPriceHighToLow" time="0.475"/>
  <testcase classname="ListingTest" name="sortingByPriceLowToHigh" time="0.459"/>
  <testcase classname="ListingTest" name="sortingZToA" time="0.455"/>
  <testcase classname="ListingTest" name="updatingDecreasingCartIcon" time="0.755"/>
  <testcase classname="ListingTest" name="updatingIncreasingCartIcon" time="0.476"/>
  <testcase classname="LoginTest" name="loginTest" time="0.231"/>
  <testcase classname="LoginTest" name="loginTestLockedUser" time="0.218"/>
  <testcase classname="LoginTest" name="loginTestWithoutData" time="0.172"/>
  <testcase classname="LoginTest" name="loginTestWithoutLogin" time="0.198"/>
  <testcase classname="LoginTest" name="loginTestWithoutPassword" time="0.195"/>
  <testcase classname="ProductTest" name="addToCart" time="0.456"/>
  <testcase classname="ProductTest" name="areElementsVisible" time="0.41"/>
  <testcase classname="ProductTest" name="backToListingButton" time="0.449"/>
  <testcase classname="ProductTest" name="isRemoveButtonVisible" time="0.573"/>
  <testcase classname="ProductTest" name="removeProdAddedOnListing" time="0.536"/>
  <testcase classname="BaseTest" name="@BeforeSuite reportSetup" time="0.0">
    <ignored/>
  </testcase> <!-- @BeforeSuite reportSetup -->
  <testcase classname="BaseTest" name="@BeforeSuite reportSetup" time="0.0">
    <ignored/>
  </testcase> <!-- @BeforeSuite reportSetup -->
  <testcase classname="BaseTest" name="@BeforeSuite reportSetup" time="0.0">
    <ignored/>
  </testcase> <!-- @BeforeSuite reportSetup -->
  <testcase classname="BaseTest" name="@BeforeSuite reportSetup" time="0.0">
    <ignored/>
  </testcase> <!-- @BeforeSuite reportSetup -->
  <testcase classname="BaseTest" name="@BeforeSuite reportSetup" time="0.0">
    <ignored/>
  </testcase> <!-- @BeforeSuite reportSetup -->
  <testcase classname="BaseTest" name="@BeforeSuite reportSetup" time="0.0">
    <ignored/>
  </testcase> <!-- @BeforeSuite reportSetup -->
</testsuite> <!-- Surefire test -->
