<?xml version="1.0" encoding="UTF-8"?>
<testng-results ignored="6" total="43" passed="37" failed="0" skipped="0">
  <reporter-output>
  </reporter-output>
  <suite started-at="2023-03-10T13:30:33 CET" name="Surefire suite" finished-at="2023-03-10T13:32:11 CET" duration-ms="98220">
    <groups>
    </groups>
    <test started-at="2023-03-10T13:30:33 CET" name="Surefire test" finished-at="2023-03-10T13:32:11 CET" duration-ms="98220">
      <class name="ProductTest">
        <test-method is-config="true" signature="setup(java.lang.reflect.Method)[pri:0, instance:ProductTest@44ebcd03]" started-at="2023-03-10T13:32:00 CET" name="setup" finished-at="2023-03-10T13:32:01 CET" duration-ms="1657" status="PASS">
          <params>
            <param index="0">
              <value>
                <![CDATA[public void ProductTest.addToCart()]]>
              </value>
            </param>
          </params>
          <reporter-output>
          </reporter-output>
        </test-method> <!-- setup -->
        <test-method signature="addToCart()[pri:0, instance:ProductTest@44ebcd03]" started-at="2023-03-10T13:32:01 CET" name="addToCart" finished-at="2023-03-10T13:32:02 CET" duration-ms="609" status="PASS">
          <reporter-output>
          </reporter-output>
        </test-method> <!-- addToCart -->
        <test-method is-config="true" signature="getResult(org.testng.ITestResult)[pri:0, instance:ProductTest@44ebcd03]" started-at="2023-03-10T13:32:02 CET" name="getResult" finished-at="2023-03-10T13:32:02 CET" duration-ms="209" status="PASS">
          <params>
            <param index="0">
              <value>
                <![CDATA[[TestResult name=addToCart status=SUCCESS method=ProductTest.addToCart()[pri:0, instance:ProductTest@44ebcd03] output={null}]]]>
              </value>
            </param>
          </params>
          <reporter-output>
          </reporter-output>
        </test-method> <!-- getResult -->
        <test-method is-config="true" signature="setup(java.lang.reflect.Method)[pri:0, instance:ProductTest@44ebcd03]" started-at="2023-03-10T13:32:02 CET" name="setup" finished-at="2023-03-10T13:32:04 CET" duration-ms="1322" status="PASS">
          <params>
            <param index="0">
              <value>
                <![CDATA[public void ProductTest.areElementsVisible()]]>
              </value>
            </param>
          </params>
          <reporter-output>
          </reporter-output>
        </test-method> <!-- setup -->
        <test-method signature="areElementsVisible()[pri:0, instance:ProductTest@44ebcd03]" started-at="2023-03-10T13:32:04 CET" name="areElementsVisible" finished-at="2023-03-10T13:32:04 CET" duration-ms="578" status="PASS">
          <reporter-output>
          </reporter-output>
        </test-method> <!-- areElementsVisible -->
        <test-method is-config="true" signature="getResult(org.testng.ITestResult)[pri:0, instance:ProductTest@44ebcd03]" started-at="2023-03-10T13:32:04 CET" name="getResult" finished-at="2023-03-10T13:32:04 CET" duration-ms="212" status="PASS">
          <params>
            <param index="0">
              <value>
                <![CDATA[[TestResult name=areElementsVisible status=SUCCESS method=ProductTest.areElementsVisible()[pri:0, instance:ProductTest@44ebcd03] output={null}]]]>
              </value>
            </param>
          </params>
          <reporter-output>
          </reporter-output>
        </test-method> <!-- getResult -->
        <test-method is-config="true" signature="setup(java.lang.reflect.Method)[pri:0, instance:ProductTest@44ebcd03]" started-at="2023-03-10T13:32:04 CET" name="setup" finished-at="2023-03-10T13:32:06 CET" duration-ms="1757" status="PASS">
          <params>
            <param index="0">
              <value>
                <![CDATA[public void ProductTest.backToListingButton()]]>
              </value>
            </param>
          </params>
          <reporter-output>
          </reporter-output>
        </test-method> <!-- setup -->
        <test-method signature="backToListingButton()[pri:0, instance:ProductTest@44ebcd03]" started-at="2023-03-10T13:32:06 CET" name="backToListingButton" finished-at="2023-03-10T13:32:07 CET" duration-ms="500" status="PASS">
          <reporter-output>
          </reporter-output>
        </test-method> <!-- backToListingButton -->
        <test-method is-config="true" signature="getResult(org.testng.ITestResult)[pri:0, instance:ProductTest@44ebcd03]" started-at="2023-03-10T13:32:07 CET" name="getResult" finished-at="2023-03-10T13:32:07 CET" duration-ms="186" status="PASS">
          <params>
            <param index="0">
              <value>
                <![CDATA[[TestResult name=backToListingButton status=SUCCESS method=ProductTest.backToListingButton()[pri:0, instance:ProductTest@44ebcd03] output={null}]]]>
              </value>
            </param>
          </params>
          <reporter-output>
          </reporter-output>
        </test-method> <!-- getResult -->
        <test-method is-config="true" signature="setup(java.lang.reflect.Method)[pri:0, instance:ProductTest@44ebcd03]" started-at="2023-03-10T13:32:07 CET" name="setup" finished-at="2023-03-10T13:32:08 CET" duration-ms="1518" status="PASS">
          <params>
            <param index="0">
              <value>
                <![CDATA[public void ProductTest.isRemoveButtonVisible()]]>
              </value>
            </param>
          </params>
          <reporter-output>
          </reporter-output>
        </test-method> <!-- setup -->
        <test-method signature="isRemoveButtonVisible()[pri:0, instance:ProductTest@44ebcd03]" started-at="2023-03-10T13:32:08 CET" name="isRemoveButtonVisible" finished-at="2023-03-10T13:32:09 CET" duration-ms="602" status="PASS">
          <reporter-output>
          </reporter-output>
        </test-method> <!-- isRemoveButtonVisible -->
        <test-method is-config="true" signature="getResult(org.testng.ITestResult)[pri:0, instance:ProductTest@44ebcd03]" started-at="2023-03-10T13:32:09 CET" name="getResult" finished-at="2023-03-10T13:32:09 CET" duration-ms="164" status="PASS">
          <params>
            <param index="0">
              <value>
                <![CDATA[[TestResult name=isRemoveButtonVisible status=SUCCESS method=ProductTest.isRemoveButtonVisible()[pri:0, instance:ProductTest@44ebcd03] output={null}]]]>
              </value>
            </param>
          </params>
          <reporter-output>
          </reporter-output>
        </test-method> <!-- getResult -->
        <test-method is-config="true" signature="setup(java.lang.reflect.Method)[pri:0, instance:ProductTest@44ebcd03]" started-at="2023-03-10T13:32:09 CET" name="setup" finished-at="2023-03-10T13:32:11 CET" duration-ms="1490" status="PASS">
          <params>
            <param index="0">
              <value>
                <![CDATA[public void ProductTest.removeProdAddedOnListing()]]>
              </value>
            </param>
          </params>
          <reporter-output>
          </reporter-output>
        </test-method> <!-- setup -->
        <test-method signature="removeProdAddedOnListing()[pri:0, instance:ProductTest@44ebcd03]" started-at="2023-03-10T13:32:11 CET" name="removeProdAddedOnListing" finished-at="2023-03-10T13:32:11 CET" duration-ms="434" status="PASS">
          <reporter-output>
          </reporter-output>
        </test-method> <!-- removeProdAddedOnListing -->
        <test-method is-config="true" signature="getResult(org.testng.ITestResult)[pri:0, instance:ProductTest@44ebcd03]" started-at="2023-03-10T13:32:11 CET" name="getResult" finished-at="2023-03-10T13:32:11 CET" duration-ms="195" status="PASS">
          <params>
            <param index="0">
              <value>
                <![CDATA[[TestResult name=removeProdAddedOnListing status=SUCCESS method=ProductTest.removeProdAddedOnListing()[pri:0, instance:ProductTest@44ebcd03] output={null}]]]>
              </value>
            </param>
          </params>
          <reporter-output>
          </reporter-output>
        </test-method> <!-- getResult -->
      </class> <!-- ProductTest -->
      <class name="CheckoutTest">
        <test-method is-config="true" signature="setup(java.lang.reflect.Method)[pri:0, instance:CheckoutTest@1afd44cb]" started-at="2023-03-10T13:31:02 CET" name="setup" finished-at="2023-03-10T13:31:04 CET" duration-ms="1279" status="PASS">
          <params>
            <param index="0">
              <value>
                <![CDATA[public void CheckoutTest.allEmptyFields()]]>
              </value>
            </param>
          </params>
          <reporter-output>
          </reporter-output>
        </test-method> <!-- setup -->
        <test-method signature="allEmptyFields()[pri:0, instance:CheckoutTest@1afd44cb]" started-at="2023-03-10T13:31:04 CET" name="allEmptyFields" finished-at="2023-03-10T13:31:04 CET" duration-ms="735" status="PASS">
          <reporter-output>
          </reporter-output>
        </test-method> <!-- allEmptyFields -->
        <test-method is-config="true" signature="getResult(org.testng.ITestResult)[pri:0, instance:CheckoutTest@1afd44cb]" started-at="2023-03-10T13:31:04 CET" name="getResult" finished-at="2023-03-10T13:31:05 CET" duration-ms="221" status="PASS">
          <params>
            <param index="0">
              <value>
                <![CDATA[[TestResult name=allEmptyFields status=SUCCESS method=CheckoutTest.allEmptyFields()[pri:0, instance:CheckoutTest@1afd44cb] output={null}]]]>
              </value>
            </param>
          </params>
          <reporter-output>
          </reporter-output>
        </test-method> <!-- getResult -->
        <test-method is-config="true" signature="setup(java.lang.reflect.Method)[pri:0, instance:CheckoutTest@1afd44cb]" started-at="2023-03-10T13:31:05 CET" name="setup" finished-at="2023-03-10T13:31:06 CET" duration-ms="1660" status="PASS">
          <params>
            <param index="0">
              <value>
                <![CDATA[public void CheckoutTest.instertAllData()]]>
              </value>
            </param>
          </params>
          <reporter-output>
          </reporter-output>
        </test-method> <!-- setup -->
        <test-method signature="instertAllData()[pri:0, instance:CheckoutTest@1afd44cb]" started-at="2023-03-10T13:31:06 CET" name="instertAllData" finished-at="2023-03-10T13:31:07 CET" duration-ms="828" status="PASS">
          <reporter-output>
          </reporter-output>
        </test-method> <!-- instertAllData -->
        <test-method is-config="true" signature="getResult(org.testng.ITestResult)[pri:0, instance:CheckoutTest@1afd44cb]" started-at="2023-03-10T13:31:07 CET" name="getResult" finished-at="2023-03-10T13:31:07 CET" duration-ms="238" status="PASS">
          <params>
            <param index="0">
              <value>
                <![CDATA[[TestResult name=instertAllData status=SUCCESS method=CheckoutTest.instertAllData()[pri:0, instance:CheckoutTest@1afd44cb] output={null}]]]>
              </value>
            </param>
          </params>
          <reporter-output>
          </reporter-output>
        </test-method> <!-- getResult -->
        <test-method is-config="true" signature="setup(java.lang.reflect.Method)[pri:0, instance:CheckoutTest@1afd44cb]" started-at="2023-03-10T13:31:07 CET" name="setup" finished-at="2023-03-10T13:31:09 CET" duration-ms="1826" status="PASS">
          <params>
            <param index="0">
              <value>
                <![CDATA[public void CheckoutTest.instertAllWithoutName()]]>
              </value>
            </param>
          </params>
          <reporter-output>
          </reporter-output>
        </test-method> <!-- setup -->
        <test-method signature="instertAllWithoutName()[pri:0, instance:CheckoutTest@1afd44cb]" started-at="2023-03-10T13:31:09 CET" name="instertAllWithoutName" finished-at="2023-03-10T13:31:10 CET" duration-ms="980" status="PASS">
          <reporter-output>
          </reporter-output>
        </test-method> <!-- instertAllWithoutName -->
        <test-method is-config="true" signature="getResult(org.testng.ITestResult)[pri:0, instance:CheckoutTest@1afd44cb]" started-at="2023-03-10T13:31:10 CET" name="getResult" finished-at="2023-03-10T13:31:10 CET" duration-ms="218" status="PASS">
          <params>
            <param index="0">
              <value>
                <![CDATA[[TestResult name=instertAllWithoutName status=SUCCESS method=CheckoutTest.instertAllWithoutName()[pri:0, instance:CheckoutTest@1afd44cb] output={null}]]]>
              </value>
            </param>
          </params>
          <reporter-output>
          </reporter-output>
        </test-method> <!-- getResult -->
        <test-method is-config="true" signature="setup(java.lang.reflect.Method)[pri:0, instance:CheckoutTest@1afd44cb]" started-at="2023-03-10T13:31:10 CET" name="setup" finished-at="2023-03-10T13:31:12 CET" duration-ms="1648" status="PASS">
          <params>
            <param index="0">
              <value>
                <![CDATA[public void CheckoutTest.instertAllWithoutPostalCode()]]>
              </value>
            </param>
          </params>
          <reporter-output>
          </reporter-output>
        </test-method> <!-- setup -->
        <test-method signature="instertAllWithoutPostalCode()[pri:0, instance:CheckoutTest@1afd44cb]" started-at="2023-03-10T13:31:12 CET" name="instertAllWithoutPostalCode" finished-at="2023-03-10T13:31:13 CET" duration-ms="935" status="PASS">
          <reporter-output>
          </reporter-output>
        </test-method> <!-- instertAllWithoutPostalCode -->
        <test-method is-config="true" signature="getResult(org.testng.ITestResult)[pri:0, instance:CheckoutTest@1afd44cb]" started-at="2023-03-10T13:31:13 CET" name="getResult" finished-at="2023-03-10T13:31:13 CET" duration-ms="239" status="PASS">
          <params>
            <param index="0">
              <value>
                <![CDATA[[TestResult name=instertAllWithoutPostalCode status=SUCCESS method=CheckoutTest.instertAllWithoutPostalCode()[pri:0, instance:CheckoutTest@1afd44cb] output={null}]]]>
              </value>
            </param>
          </params>
          <reporter-output>
          </reporter-output>
        </test-method> <!-- getResult -->
        <test-method is-config="true" signature="setup(java.lang.reflect.Method)[pri:0, instance:CheckoutTest@1afd44cb]" started-at="2023-03-10T13:31:13 CET" name="setup" finished-at="2023-03-10T13:31:15 CET" duration-ms="1276" status="PASS">
          <params>
            <param index="0">
              <value>
                <![CDATA[public void CheckoutTest.instertAllWithoutSurname()]]>
              </value>
            </param>
          </params>
          <reporter-output>
          </reporter-output>
        </test-method> <!-- setup -->
        <test-method signature="instertAllWithoutSurname()[pri:0, instance:CheckoutTest@1afd44cb]" started-at="2023-03-10T13:31:15 CET" name="instertAllWithoutSurname" finished-at="2023-03-10T13:31:16 CET" duration-ms="969" status="PASS">
          <reporter-output>
          </reporter-output>
        </test-method> <!-- instertAllWithoutSurname -->
        <test-method is-config="true" signature="getResult(org.testng.ITestResult)[pri:0, instance:CheckoutTest@1afd44cb]" started-at="2023-03-10T13:31:16 CET" name="getResult" finished-at="2023-03-10T13:31:16 CET" duration-ms="231" status="PASS">
          <params>
            <param index="0">
              <value>
                <![CDATA[[TestResult name=instertAllWithoutSurname status=SUCCESS method=CheckoutTest.instertAllWithoutSurname()[pri:0, instance:CheckoutTest@1afd44cb] output={null}]]]>
              </value>
            </param>
          </params>
          <reporter-output>
          </reporter-output>
        </test-method> <!-- getResult -->
        <test-method is-config="true" signature="setup(java.lang.reflect.Method)[pri:0, instance:CheckoutTest@1afd44cb]" started-at="2023-03-10T13:31:16 CET" name="setup" finished-at="2023-03-10T13:31:17 CET" duration-ms="1743" status="PASS">
          <params>
            <param index="0">
              <value>
                <![CDATA[public void CheckoutTest.instertOnlyName()]]>
              </value>
            </param>
          </params>
          <reporter-output>
          </reporter-output>
        </test-method> <!-- setup -->
        <test-method signature="instertOnlyName()[pri:0, instance:CheckoutTest@1afd44cb]" started-at="2023-03-10T13:31:17 CET" name="instertOnlyName" finished-at="2023-03-10T13:31:18 CET" duration-ms="921" status="PASS">
          <reporter-output>
          </reporter-output>
        </test-method> <!-- instertOnlyName -->
        <test-method is-config="true" signature="getResult(org.testng.ITestResult)[pri:0, instance:CheckoutTest@1afd44cb]" started-at="2023-03-10T13:31:18 CET" name="getResult" finished-at="2023-03-10T13:31:19 CET" duration-ms="214" status="PASS">
          <params>
            <param index="0">
              <value>
                <![CDATA[[TestResult name=instertOnlyName status=SUCCESS method=CheckoutTest.instertOnlyName()[pri:0, instance:CheckoutTest@1afd44cb] output={null}]]]>
              </value>
            </param>
          </params>
          <reporter-output>
          </reporter-output>
        </test-method> <!-- getResult -->
        <test-method is-config="true" signature="setup(java.lang.reflect.Method)[pri:0, instance:CheckoutTest@1afd44cb]" started-at="2023-03-10T13:31:19 CET" name="setup" finished-at="2023-03-10T13:31:20 CET" duration-ms="1693" status="PASS">
          <params>
            <param index="0">
              <value>
                <![CDATA[public void CheckoutTest.instertOnlyPostalCode()]]>
              </value>
            </param>
          </params>
          <reporter-output>
          </reporter-output>
        </test-method> <!-- setup -->
        <test-method signature="instertOnlyPostalCode()[pri:0, instance:CheckoutTest@1afd44cb]" started-at="2023-03-10T13:31:20 CET" name="instertOnlyPostalCode" finished-at="2023-03-10T13:31:21 CET" duration-ms="961" status="PASS">
          <reporter-output>
          </reporter-output>
        </test-method> <!-- instertOnlyPostalCode -->
        <test-method is-config="true" signature="getResult(org.testng.ITestResult)[pri:0, instance:CheckoutTest@1afd44cb]" started-at="2023-03-10T13:31:21 CET" name="getResult" finished-at="2023-03-10T13:31:22 CET" duration-ms="219" status="PASS">
          <params>
            <param index="0">
              <value>
                <![CDATA[[TestResult name=instertOnlyPostalCode status=SUCCESS method=CheckoutTest.instertOnlyPostalCode()[pri:0, instance:CheckoutTest@1afd44cb] output={null}]]]>
              </value>
            </param>
          </params>
          <reporter-output>
          </reporter-output>
        </test-method> <!-- getResult -->
        <test-method is-config="true" signature="setup(java.lang.reflect.Method)[pri:0, instance:CheckoutTest@1afd44cb]" started-at="2023-03-10T13:31:22 CET" name="setup" finished-at="2023-03-10T13:31:24 CET" duration-ms="2736" status="PASS">
          <params>
            <param index="0">
              <value>
                <![CDATA[public void CheckoutTest.instertOnlySurname()]]>
              </value>
            </param>
          </params>
          <reporter-output>
          </reporter-output>
        </test-method> <!-- setup -->
        <test-method signature="instertOnlySurname()[pri:0, instance:CheckoutTest@1afd44cb]" started-at="2023-03-10T13:31:24 CET" name="instertOnlySurname" finished-at="2023-03-10T13:31:25 CET" duration-ms="937" status="PASS">
          <reporter-output>
          </reporter-output>
        </test-method> <!-- instertOnlySurname -->
        <test-method is-config="true" signature="getResult(org.testng.ITestResult)[pri:0, instance:CheckoutTest@1afd44cb]" started-at="2023-03-10T13:31:25 CET" name="getResult" finished-at="2023-03-10T13:31:25 CET" duration-ms="230" status="PASS">
          <params>
            <param index="0">
              <value>
                <![CDATA[[TestResult name=instertOnlySurname status=SUCCESS method=CheckoutTest.instertOnlySurname()[pri:0, instance:CheckoutTest@1afd44cb] output={null}]]]>
              </value>
            </param>
          </params>
          <reporter-output>
          </reporter-output>
        </test-method> <!-- getResult -->
      </class> <!-- CheckoutTest -->
      <class name="ListingTest">
        <test-method is-config="true" signature="setup(java.lang.reflect.Method)[pri:0, instance:ListingTest@5af3afd9]" started-at="2023-03-10T13:31:25 CET" name="setup" finished-at="2023-03-10T13:31:27 CET" duration-ms="1716" status="PASS">
          <params>
            <param index="0">
              <value>
                <![CDATA[public void ListingTest.addToCartFromListing()]]>
              </value>
            </param>
          </params>
          <reporter-output>
          </reporter-output>
        </test-method> <!-- setup -->
        <test-method signature="addToCartFromListing()[pri:0, instance:ListingTest@5af3afd9]" started-at="2023-03-10T13:31:27 CET" name="addToCartFromListing" finished-at="2023-03-10T13:31:28 CET" duration-ms="556" status="PASS">
          <reporter-output>
          </reporter-output>
        </test-method> <!-- addToCartFromListing -->
        <test-method is-config="true" signature="getResult(org.testng.ITestResult)[pri:0, instance:ListingTest@5af3afd9]" started-at="2023-03-10T13:31:28 CET" name="getResult" finished-at="2023-03-10T13:31:28 CET" duration-ms="219" status="PASS">
          <params>
            <param index="0">
              <value>
                <![CDATA[[TestResult name=addToCartFromListing status=SUCCESS method=ListingTest.addToCartFromListing()[pri:0, instance:ListingTest@5af3afd9] output={null}]]]>
              </value>
            </param>
          </params>
          <reporter-output>
          </reporter-output>
        </test-method> <!-- getResult -->
        <test-method is-config="true" signature="setup(java.lang.reflect.Method)[pri:0, instance:ListingTest@5af3afd9]" started-at="2023-03-10T13:31:28 CET" name="setup" finished-at="2023-03-10T13:31:29 CET" duration-ms="1334" status="PASS">
          <params>
            <param index="0">
              <value>
                <![CDATA[public void ListingTest.areElementsVisible()]]>
              </value>
            </param>
          </params>
          <reporter-output>
          </reporter-output>
        </test-method> <!-- setup -->
        <test-method signature="areElementsVisible()[pri:0, instance:ListingTest@5af3afd9]" started-at="2023-03-10T13:31:29 CET" name="areElementsVisible" finished-at="2023-03-10T13:31:30 CET" duration-ms="382" status="PASS">
          <reporter-output>
          </reporter-output>
        </test-method> <!-- areElementsVisible -->
        <test-method is-config="true" signature="getResult(org.testng.ITestResult)[pri:0, instance:ListingTest@5af3afd9]" started-at="2023-03-10T13:31:30 CET" name="getResult" finished-at="2023-03-10T13:31:30 CET" duration-ms="222" status="PASS">
          <params>
            <param index="0">
              <value>
                <![CDATA[[TestResult name=areElementsVisible status=SUCCESS method=ListingTest.areElementsVisible()[pri:0, instance:ListingTest@5af3afd9] output={null}]]]>
              </value>
            </param>
          </params>
          <reporter-output>
          </reporter-output>
        </test-method> <!-- getResult -->
        <test-method is-config="true" signature="setup(java.lang.reflect.Method)[pri:0, instance:ListingTest@5af3afd9]" started-at="2023-03-10T13:31:30 CET" name="setup" finished-at="2023-03-10T13:31:32 CET" duration-ms="1660" status="PASS">
          <params>
            <param index="0">
              <value>
                <![CDATA[public void ListingTest.removeFromCartFromListing()]]>
              </value>
            </param>
          </params>
          <reporter-output>
          </reporter-output>
        </test-method> <!-- setup -->
        <test-method signature="removeFromCartFromListing()[pri:0, instance:ListingTest@5af3afd9]" started-at="2023-03-10T13:31:32 CET" name="removeFromCartFromListing" finished-at="2023-03-10T13:31:32 CET" duration-ms="460" status="PASS">
          <reporter-output>
          </reporter-output>
        </test-method> <!-- removeFromCartFromListing -->
        <test-method is-config="true" signature="getResult(org.testng.ITestResult)[pri:0, instance:ListingTest@5af3afd9]" started-at="2023-03-10T13:31:32 CET" name="getResult" finished-at="2023-03-10T13:31:32 CET" duration-ms="227" status="PASS">
          <params>
            <param index="0">
              <value>
                <![CDATA[[TestResult name=removeFromCartFromListing status=SUCCESS method=ListingTest.removeFromCartFromListing()[pri:0, instance:ListingTest@5af3afd9] output={null}]]]>
              </value>
            </param>
          </params>
          <reporter-output>
          </reporter-output>
        </test-method> <!-- getResult -->
        <test-method is-config="true" signature="setup(java.lang.reflect.Method)[pri:0, instance:ListingTest@5af3afd9]" started-at="2023-03-10T13:31:32 CET" name="setup" finished-at="2023-03-10T13:31:34 CET" duration-ms="1760" status="PASS">
          <params>
            <param index="0">
              <value>
                <![CDATA[public void ListingTest.removeProductAddedFromProdPage()]]>
              </value>
            </param>
          </params>
          <reporter-output>
          </reporter-output>
        </test-method> <!-- setup -->
        <test-method signature="removeProductAddedFromProdPage()[pri:0, instance:ListingTest@5af3afd9]" started-at="2023-03-10T13:31:34 CET" name="removeProductAddedFromProdPage" finished-at="2023-03-10T13:31:35 CET" duration-ms="640" status="PASS">
          <reporter-output>
          </reporter-output>
        </test-method> <!-- removeProductAddedFromProdPage -->
        <test-method is-config="true" signature="getResult(org.testng.ITestResult)[pri:0, instance:ListingTest@5af3afd9]" started-at="2023-03-10T13:31:35 CET" name="getResult" finished-at="2023-03-10T13:31:35 CET" duration-ms="211" status="PASS">
          <params>
            <param index="0">
              <value>
                <![CDATA[[TestResult name=removeProductAddedFromProdPage status=SUCCESS method=ListingTest.removeProductAddedFromProdPage()[pri:0, instance:ListingTest@5af3afd9] output={null}]]]>
              </value>
            </param>
          </params>
          <reporter-output>
          </reporter-output>
        </test-method> <!-- getResult -->
        <test-method is-config="true" signature="setup(java.lang.reflect.Method)[pri:0, instance:ListingTest@5af3afd9]" started-at="2023-03-10T13:31:35 CET" name="setup" finished-at="2023-03-10T13:31:37 CET" duration-ms="1719" status="PASS">
          <params>
            <param index="0">
              <value>
                <![CDATA[public void ListingTest.sortingAToZ()]]>
              </value>
            </param>
          </params>
          <reporter-output>
          </reporter-output>
        </test-method> <!-- setup -->
        <test-method signature="sortingAToZ()[pri:0, instance:ListingTest@5af3afd9]" started-at="2023-03-10T13:31:37 CET" name="sortingAToZ" finished-at="2023-03-10T13:31:37 CET" duration-ms="615" status="PASS">
          <reporter-output>
          </reporter-output>
        </test-method> <!-- sortingAToZ -->
        <test-method is-config="true" signature="getResult(org.testng.ITestResult)[pri:0, instance:ListingTest@5af3afd9]" started-at="2023-03-10T13:31:37 CET" name="getResult" finished-at="2023-03-10T13:31:37 CET" duration-ms="236" status="PASS">
          <params>
            <param index="0">
              <value>
                <![CDATA[[TestResult name=sortingAToZ status=SUCCESS method=ListingTest.sortingAToZ()[pri:0, instance:ListingTest@5af3afd9] output={null}]]]>
              </value>
            </param>
          </params>
          <reporter-output>
          </reporter-output>
        </test-method> <!-- getResult -->
        <test-method is-config="true" signature="setup(java.lang.reflect.Method)[pri:0, instance:ListingTest@5af3afd9]" started-at="2023-03-10T13:31:37 CET" name="setup" finished-at="2023-03-10T13:31:39 CET" duration-ms="1649" status="PASS">
          <params>
            <param index="0">
              <value>
                <![CDATA[public void ListingTest.sortingByPriceHighToLow()]]>
              </value>
            </param>
          </params>
          <reporter-output>
          </reporter-output>
        </test-method> <!-- setup -->
        <test-method signature="sortingByPriceHighToLow()[pri:0, instance:ListingTest@5af3afd9]" started-at="2023-03-10T13:31:39 CET" name="sortingByPriceHighToLow" finished-at="2023-03-10T13:31:40 CET" duration-ms="723" status="PASS">
          <reporter-output>
          </reporter-output>
        </test-method> <!-- sortingByPriceHighToLow -->
        <test-method is-config="true" signature="getResult(org.testng.ITestResult)[pri:0, instance:ListingTest@5af3afd9]" started-at="2023-03-10T13:31:40 CET" name="getResult" finished-at="2023-03-10T13:31:40 CET" duration-ms="223" status="PASS">
          <params>
            <param index="0">
              <value>
                <![CDATA[[TestResult name=sortingByPriceHighToLow status=SUCCESS method=ListingTest.sortingByPriceHighToLow()[pri:0, instance:ListingTest@5af3afd9] output={null}]]]>
              </value>
            </param>
          </params>
          <reporter-output>
          </reporter-output>
        </test-method> <!-- getResult -->
        <test-method is-config="true" signature="setup(java.lang.reflect.Method)[pri:0, instance:ListingTest@5af3afd9]" started-at="2023-03-10T13:31:40 CET" name="setup" finished-at="2023-03-10T13:31:42 CET" duration-ms="1645" status="PASS">
          <params>
            <param index="0">
              <value>
                <![CDATA[public void ListingTest.sortingByPriceLowToHigh()]]>
              </value>
            </param>
          </params>
          <reporter-output>
          </reporter-output>
        </test-method> <!-- setup -->
        <test-method signature="sortingByPriceLowToHigh()[pri:0, instance:ListingTest@5af3afd9]" started-at="2023-03-10T13:31:42 CET" name="sortingByPriceLowToHigh" finished-at="2023-03-10T13:31:42 CET" duration-ms="708" status="PASS">
          <reporter-output>
          </reporter-output>
        </test-method> <!-- sortingByPriceLowToHigh -->
        <test-method is-config="true" signature="getResult(org.testng.ITestResult)[pri:0, instance:ListingTest@5af3afd9]" started-at="2023-03-10T13:31:42 CET" name="getResult" finished-at="2023-03-10T13:31:43 CET" duration-ms="209" status="PASS">
          <params>
            <param index="0">
              <value>
                <![CDATA[[TestResult name=sortingByPriceLowToHigh status=SUCCESS method=ListingTest.sortingByPriceLowToHigh()[pri:0, instance:ListingTest@5af3afd9] output={null}]]]>
              </value>
            </param>
          </params>
          <reporter-output>
          </reporter-output>
        </test-method> <!-- getResult -->
        <test-method is-config="true" signature="setup(java.lang.reflect.Method)[pri:0, instance:ListingTest@5af3afd9]" started-at="2023-03-10T13:31:43 CET" name="setup" finished-at="2023-03-10T13:31:44 CET" duration-ms="1763" status="PASS">
          <params>
            <param index="0">
              <value>
                <![CDATA[public void ListingTest.sortingZToA()]]>
              </value>
            </param>
          </params>
          <reporter-output>
          </reporter-output>
        </test-method> <!-- setup -->
        <test-method signature="sortingZToA()[pri:0, instance:ListingTest@5af3afd9]" started-at="2023-03-10T13:31:44 CET" name="sortingZToA" finished-at="2023-03-10T13:31:45 CET" duration-ms="596" status="PASS">
          <reporter-output>
          </reporter-output>
        </test-method> <!-- sortingZToA -->
        <test-method is-config="true" signature="getResult(org.testng.ITestResult)[pri:0, instance:ListingTest@5af3afd9]" started-at="2023-03-10T13:31:45 CET" name="getResult" finished-at="2023-03-10T13:31:45 CET" duration-ms="207" status="PASS">
          <params>
            <param index="0">
              <value>
                <![CDATA[[TestResult name=sortingZToA status=SUCCESS method=ListingTest.sortingZToA()[pri:0, instance:ListingTest@5af3afd9] output={null}]]]>
              </value>
            </param>
          </params>
          <reporter-output>
          </reporter-output>
        </test-method> <!-- getResult -->
        <test-method is-config="true" signature="setup(java.lang.reflect.Method)[pri:0, instance:ListingTest@5af3afd9]" started-at="2023-03-10T13:31:45 CET" name="setup" finished-at="2023-03-10T13:31:46 CET" duration-ms="1362" status="PASS">
          <params>
            <param index="0">
              <value>
                <![CDATA[public void ListingTest.updatingDecreasingCartIcon()]]>
              </value>
            </param>
          </params>
          <reporter-output>
          </reporter-output>
        </test-method> <!-- setup -->
        <test-method signature="updatingDecreasingCartIcon()[pri:0, instance:ListingTest@5af3afd9]" started-at="2023-03-10T13:31:46 CET" name="updatingDecreasingCartIcon" finished-at="2023-03-10T13:31:47 CET" duration-ms="999" status="PASS">
          <reporter-output>
          </reporter-output>
        </test-method> <!-- updatingDecreasingCartIcon -->
        <test-method is-config="true" signature="getResult(org.testng.ITestResult)[pri:0, instance:ListingTest@5af3afd9]" started-at="2023-03-10T13:31:47 CET" name="getResult" finished-at="2023-03-10T13:31:48 CET" duration-ms="205" status="PASS">
          <params>
            <param index="0">
              <value>
                <![CDATA[[TestResult name=updatingDecreasingCartIcon status=SUCCESS method=ListingTest.updatingDecreasingCartIcon()[pri:0, instance:ListingTest@5af3afd9] output={null}]]]>
              </value>
            </param>
          </params>
          <reporter-output>
          </reporter-output>
        </test-method> <!-- getResult -->
        <test-method is-config="true" signature="setup(java.lang.reflect.Method)[pri:0, instance:ListingTest@5af3afd9]" started-at="2023-03-10T13:31:48 CET" name="setup" finished-at="2023-03-10T13:31:49 CET" duration-ms="1294" status="PASS">
          <params>
            <param index="0">
              <value>
                <![CDATA[public void ListingTest.updatingIncreasingCartIcon()]]>
              </value>
            </param>
          </params>
          <reporter-output>
          </reporter-output>
        </test-method> <!-- setup -->
        <test-method signature="updatingIncreasingCartIcon()[pri:0, instance:ListingTest@5af3afd9]" started-at="2023-03-10T13:31:49 CET" name="updatingIncreasingCartIcon" finished-at="2023-03-10T13:31:50 CET" duration-ms="626" status="PASS">
          <reporter-output>
          </reporter-output>
        </test-method> <!-- updatingIncreasingCartIcon -->
        <test-method is-config="true" signature="getResult(org.testng.ITestResult)[pri:0, instance:ListingTest@5af3afd9]" started-at="2023-03-10T13:31:50 CET" name="getResult" finished-at="2023-03-10T13:31:50 CET" duration-ms="208" status="PASS">
          <params>
            <param index="0">
              <value>
                <![CDATA[[TestResult name=updatingIncreasingCartIcon status=SUCCESS method=ListingTest.updatingIncreasingCartIcon()[pri:0, instance:ListingTest@5af3afd9] output={null}]]]>
              </value>
            </param>
          </params>
          <reporter-output>
          </reporter-output>
        </test-method> <!-- getResult -->
      </class> <!-- ListingTest -->
      <class name="LoginTest">
        <test-method is-config="true" signature="setup(java.lang.reflect.Method)[pri:0, instance:LoginTest@323b36e0]" started-at="2023-03-10T13:31:50 CET" name="setup" finished-at="2023-03-10T13:31:51 CET" duration-ms="1314" status="PASS">
          <params>
            <param index="0">
              <value>
                <![CDATA[public void LoginTest.loginTest()]]>
              </value>
            </param>
          </params>
          <reporter-output>
          </reporter-output>
        </test-method> <!-- setup -->
        <test-method signature="loginTest()[pri:0, instance:LoginTest@323b36e0]" started-at="2023-03-10T13:31:51 CET" name="loginTest" finished-at="2023-03-10T13:31:51 CET" duration-ms="315" status="PASS">
          <reporter-output>
          </reporter-output>
        </test-method> <!-- loginTest -->
        <test-method is-config="true" signature="getResult(org.testng.ITestResult)[pri:0, instance:LoginTest@323b36e0]" started-at="2023-03-10T13:31:51 CET" name="getResult" finished-at="2023-03-10T13:31:52 CET" duration-ms="217" status="PASS">
          <params>
            <param index="0">
              <value>
                <![CDATA[[TestResult name=loginTest status=SUCCESS method=LoginTest.loginTest()[pri:0, instance:LoginTest@323b36e0] output={null}]]]>
              </value>
            </param>
          </params>
          <reporter-output>
          </reporter-output>
        </test-method> <!-- getResult -->
        <test-method is-config="true" signature="setup(java.lang.reflect.Method)[pri:0, instance:LoginTest@323b36e0]" started-at="2023-03-10T13:31:52 CET" name="setup" finished-at="2023-03-10T13:31:53 CET" duration-ms="1684" status="PASS">
          <params>
            <param index="0">
              <value>
                <![CDATA[public void LoginTest.loginTestLockedUser()]]>
              </value>
            </param>
          </params>
          <reporter-output>
          </reporter-output>
        </test-method> <!-- setup -->
        <test-method signature="loginTestLockedUser()[pri:0, instance:LoginTest@323b36e0]" started-at="2023-03-10T13:31:53 CET" name="loginTestLockedUser" finished-at="2023-03-10T13:31:54 CET" duration-ms="316" status="PASS">
          <reporter-output>
          </reporter-output>
        </test-method> <!-- loginTestLockedUser -->
        <test-method is-config="true" signature="getResult(org.testng.ITestResult)[pri:0, instance:LoginTest@323b36e0]" started-at="2023-03-10T13:31:54 CET" name="getResult" finished-at="2023-03-10T13:31:54 CET" duration-ms="212" status="PASS">
          <params>
            <param index="0">
              <value>
                <![CDATA[[TestResult name=loginTestLockedUser status=SUCCESS method=LoginTest.loginTestLockedUser()[pri:0, instance:LoginTest@323b36e0] output={null}]]]>
              </value>
            </param>
          </params>
          <reporter-output>
          </reporter-output>
        </test-method> <!-- getResult -->
        <test-method is-config="true" signature="setup(java.lang.reflect.Method)[pri:0, instance:LoginTest@323b36e0]" started-at="2023-03-10T13:31:54 CET" name="setup" finished-at="2023-03-10T13:31:56 CET" duration-ms="1799" status="PASS">
          <params>
            <param index="0">
              <value>
                <![CDATA[public void LoginTest.loginTestWithoutData()]]>
              </value>
            </param>
          </params>
          <reporter-output>
          </reporter-output>
        </test-method> <!-- setup -->
        <test-method signature="loginTestWithoutData()[pri:0, instance:LoginTest@323b36e0]" started-at="2023-03-10T13:31:56 CET" name="loginTestWithoutData" finished-at="2023-03-10T13:31:56 CET" duration-ms="274" status="PASS">
          <reporter-output>
          </reporter-output>
        </test-method> <!-- loginTestWithoutData -->
        <test-method is-config="true" signature="getResult(org.testng.ITestResult)[pri:0, instance:LoginTest@323b36e0]" started-at="2023-03-10T13:31:56 CET" name="getResult" finished-at="2023-03-10T13:31:56 CET" duration-ms="207" status="PASS">
          <params>
            <param index="0">
              <value>
                <![CDATA[[TestResult name=loginTestWithoutData status=SUCCESS method=LoginTest.loginTestWithoutData()[pri:0, instance:LoginTest@323b36e0] output={null}]]]>
              </value>
            </param>
          </params>
          <reporter-output>
          </reporter-output>
        </test-method> <!-- getResult -->
        <test-method is-config="true" signature="setup(java.lang.reflect.Method)[pri:0, instance:LoginTest@323b36e0]" started-at="2023-03-10T13:31:56 CET" name="setup" finished-at="2023-03-10T13:31:57 CET" duration-ms="1341" status="PASS">
          <params>
            <param index="0">
              <value>
                <![CDATA[public void LoginTest.loginTestWithoutLogin()]]>
              </value>
            </param>
          </params>
          <reporter-output>
          </reporter-output>
        </test-method> <!-- setup -->
        <test-method signature="loginTestWithoutLogin()[pri:0, instance:LoginTest@323b36e0]" started-at="2023-03-10T13:31:57 CET" name="loginTestWithoutLogin" finished-at="2023-03-10T13:31:58 CET" duration-ms="272" status="PASS">
          <reporter-output>
          </reporter-output>
        </test-method> <!-- loginTestWithoutLogin -->
        <test-method is-config="true" signature="getResult(org.testng.ITestResult)[pri:0, instance:LoginTest@323b36e0]" started-at="2023-03-10T13:31:58 CET" name="getResult" finished-at="2023-03-10T13:31:58 CET" duration-ms="220" status="PASS">
          <params>
            <param index="0">
              <value>
                <![CDATA[[TestResult name=loginTestWithoutLogin status=SUCCESS method=LoginTest.loginTestWithoutLogin()[pri:0, instance:LoginTest@323b36e0] output={null}]]]>
              </value>
            </param>
          </params>
          <reporter-output>
          </reporter-output>
        </test-method> <!-- getResult -->
        <test-method is-config="true" signature="setup(java.lang.reflect.Method)[pri:0, instance:LoginTest@323b36e0]" started-at="2023-03-10T13:31:58 CET" name="setup" finished-at="2023-03-10T13:31:59 CET" duration-ms="1307" status="PASS">
          <params>
            <param index="0">
              <value>
                <![CDATA[public void LoginTest.loginTestWithoutPassword()]]>
              </value>
            </param>
          </params>
          <reporter-output>
          </reporter-output>
        </test-method> <!-- setup -->
        <test-method signature="loginTestWithoutPassword()[pri:0, instance:LoginTest@323b36e0]" started-at="2023-03-10T13:31:59 CET" name="loginTestWithoutPassword" finished-at="2023-03-10T13:32:00 CET" duration-ms="291" status="PASS">
          <reporter-output>
          </reporter-output>
        </test-method> <!-- loginTestWithoutPassword -->
        <test-method is-config="true" signature="getResult(org.testng.ITestResult)[pri:0, instance:LoginTest@323b36e0]" started-at="2023-03-10T13:32:00 CET" name="getResult" finished-at="2023-03-10T13:32:00 CET" duration-ms="216" status="PASS">
          <params>
            <param index="0">
              <value>
                <![CDATA[[TestResult name=loginTestWithoutPassword status=SUCCESS method=LoginTest.loginTestWithoutPassword()[pri:0, instance:LoginTest@323b36e0] output={null}]]]>
              </value>
            </param>
          </params>
          <reporter-output>
          </reporter-output>
        </test-method> <!-- getResult -->
      </class> <!-- LoginTest -->
      <class name="CartTest">
        <test-method is-config="true" signature="setup(java.lang.reflect.Method)[pri:0, instance:CartTest@192d43ce]" started-at="2023-03-10T13:30:33 CET" name="setup" finished-at="2023-03-10T13:30:37 CET" duration-ms="3671" status="PASS">
          <params>
            <param index="0">
              <value>
                <![CDATA[public void CartTest.checkProductsInCart()]]>
              </value>
            </param>
          </params>
          <reporter-output>
          </reporter-output>
        </test-method> <!-- setup -->
        <test-method signature="checkProductsInCart()[pri:0, instance:CartTest@192d43ce]" started-at="2023-03-10T13:30:37 CET" name="checkProductsInCart" finished-at="2023-03-10T13:30:37 CET" duration-ms="664" status="PASS">
          <reporter-output>
          </reporter-output>
        </test-method> <!-- checkProductsInCart -->
        <test-method is-config="true" signature="getResult(org.testng.ITestResult)[pri:0, instance:CartTest@192d43ce]" started-at="2023-03-10T13:30:37 CET" name="getResult" finished-at="2023-03-10T13:30:38 CET" duration-ms="543" status="PASS">
          <params>
            <param index="0">
              <value>
                <![CDATA[[TestResult name=checkProductsInCart status=SUCCESS method=CartTest.checkProductsInCart()[pri:0, instance:CartTest@192d43ce] output={null}]]]>
              </value>
            </param>
          </params>
          <reporter-output>
          </reporter-output>
        </test-method> <!-- getResult -->
        <test-method is-config="true" signature="setup(java.lang.reflect.Method)[pri:0, instance:CartTest@192d43ce]" started-at="2023-03-10T13:30:38 CET" name="setup" finished-at="2023-03-10T13:30:40 CET" duration-ms="1740" status="PASS">
          <params>
            <param index="0">
              <value>
                <![CDATA[public void CartTest.checkoutButton()]]>
              </value>
            </param>
          </params>
          <reporter-output>
          </reporter-output>
        </test-method> <!-- setup -->
        <test-method signature="checkoutButton()[pri:0, instance:CartTest@192d43ce]" started-at="2023-03-10T13:30:40 CET" name="checkoutButton" finished-at="2023-03-10T13:30:40 CET" duration-ms="558" status="PASS">
          <reporter-output>
          </reporter-output>
        </test-method> <!-- checkoutButton -->
        <test-method is-config="true" signature="getResult(org.testng.ITestResult)[pri:0, instance:CartTest@192d43ce]" started-at="2023-03-10T13:30:40 CET" name="getResult" finished-at="2023-03-10T13:30:40 CET" duration-ms="235" status="PASS">
          <params>
            <param index="0">
              <value>
                <![CDATA[[TestResult name=checkoutButton status=SUCCESS method=CartTest.checkoutButton()[pri:0, instance:CartTest@192d43ce] output={null}]]]>
              </value>
            </param>
          </params>
          <reporter-output>
          </reporter-output>
        </test-method> <!-- getResult -->
        <test-method is-config="true" signature="setup(java.lang.reflect.Method)[pri:0, instance:CartTest@192d43ce]" started-at="2023-03-10T13:30:40 CET" name="setup" finished-at="2023-03-10T13:30:42 CET" duration-ms="1751" status="PASS">
          <params>
            <param index="0">
              <value>
                <![CDATA[public void CartTest.continueShoppingButton()]]>
              </value>
            </param>
          </params>
          <reporter-output>
          </reporter-output>
        </test-method> <!-- setup -->
        <test-method signature="continueShoppingButton()[pri:0, instance:CartTest@192d43ce]" started-at="2023-03-10T13:30:42 CET" name="continueShoppingButton" finished-at="2023-03-10T13:30:43 CET" duration-ms="541" status="PASS">
          <reporter-output>
          </reporter-output>
        </test-method> <!-- continueShoppingButton -->
        <test-method is-config="true" signature="getResult(org.testng.ITestResult)[pri:0, instance:CartTest@192d43ce]" started-at="2023-03-10T13:30:43 CET" name="getResult" finished-at="2023-03-10T13:30:43 CET" duration-ms="227" status="PASS">
          <params>
            <param index="0">
              <value>
                <![CDATA[[TestResult name=continueShoppingButton status=SUCCESS method=CartTest.continueShoppingButton()[pri:0, instance:CartTest@192d43ce] output={null}]]]>
              </value>
            </param>
          </params>
          <reporter-output>
          </reporter-output>
        </test-method> <!-- getResult -->
        <test-method is-config="true" signature="setup(java.lang.reflect.Method)[pri:0, instance:CartTest@192d43ce]" started-at="2023-03-10T13:30:43 CET" name="setup" finished-at="2023-03-10T13:30:45 CET" duration-ms="1675" status="PASS">
          <params>
            <param index="0">
              <value>
                <![CDATA[public void CartTest.removeProductInCart()]]>
              </value>
            </param>
          </params>
          <reporter-output>
          </reporter-output>
        </test-method> <!-- setup -->
        <test-method signature="removeProductInCart()[pri:0, instance:CartTest@192d43ce]" started-at="2023-03-10T13:30:45 CET" name="removeProductInCart" finished-at="2023-03-10T13:30:45 CET" duration-ms="676" status="PASS">
          <reporter-output>
          </reporter-output>
        </test-method> <!-- removeProductInCart -->
        <test-method is-config="true" signature="getResult(org.testng.ITestResult)[pri:0, instance:CartTest@192d43ce]" started-at="2023-03-10T13:30:45 CET" name="getResult" finished-at="2023-03-10T13:30:46 CET" duration-ms="231" status="PASS">
          <params>
            <param index="0">
              <value>
                <![CDATA[[TestResult name=removeProductInCart status=SUCCESS method=CartTest.removeProductInCart()[pri:0, instance:CartTest@192d43ce] output={null}]]]>
              </value>
            </param>
          </params>
          <reporter-output>
          </reporter-output>
        </test-method> <!-- getResult -->
      </class> <!-- CartTest -->
      <class name="BaseTest">
        <test-method is-config="true" signature="reportSetup()[pri:0, instance:BaseTest@7722c3c3]" started-at="2023-03-10T13:30:33 CET" name="reportSetup" finished-at="2023-03-10T13:30:33 CET" duration-ms="143" status="PASS">
          <reporter-output>
          </reporter-output>
        </test-method> <!-- reportSetup -->
      </class> <!-- BaseTest -->
      <class name="CheckoutOverviewTest">
        <test-method is-config="true" signature="setup(java.lang.reflect.Method)[pri:0, instance:CheckoutOverviewTest@72057ecf]" started-at="2023-03-10T13:30:46 CET" name="setup" finished-at="2023-03-10T13:30:47 CET" duration-ms="1672" status="PASS">
          <params>
            <param index="0">
              <value>
                <![CDATA[public void CheckoutOverviewTest.checkCancelButton()]]>
              </value>
            </param>
          </params>
          <reporter-output>
          </reporter-output>
        </test-method> <!-- setup -->
        <test-method signature="checkCancelButton()[pri:0, instance:CheckoutOverviewTest@72057ecf]" started-at="2023-03-10T13:30:47 CET" name="checkCancelButton" finished-at="2023-03-10T13:30:48 CET" duration-ms="1194" status="PASS">
          <reporter-output>
          </reporter-output>
        </test-method> <!-- checkCancelButton -->
        <test-method is-config="true" signature="getResult(org.testng.ITestResult)[pri:0, instance:CheckoutOverviewTest@72057ecf]" started-at="2023-03-10T13:30:48 CET" name="getResult" finished-at="2023-03-10T13:30:49 CET" duration-ms="225" status="PASS">
          <params>
            <param index="0">
              <value>
                <![CDATA[[TestResult name=checkCancelButton status=SUCCESS method=CheckoutOverviewTest.checkCancelButton()[pri:0, instance:CheckoutOverviewTest@72057ecf] output={null}]]]>
              </value>
            </param>
          </params>
          <reporter-output>
          </reporter-output>
        </test-method> <!-- getResult -->
        <test-method is-config="true" signature="setup(java.lang.reflect.Method)[pri:0, instance:CheckoutOverviewTest@72057ecf]" started-at="2023-03-10T13:30:49 CET" name="setup" finished-at="2023-03-10T13:30:50 CET" duration-ms="1260" status="PASS">
          <params>
            <param index="0">
              <value>
                <![CDATA[public void CheckoutOverviewTest.checkFinishButton()]]>
              </value>
            </param>
          </params>
          <reporter-output>
          </reporter-output>
        </test-method> <!-- setup -->
        <test-method signature="checkFinishButton()[pri:0, instance:CheckoutOverviewTest@72057ecf]" started-at="2023-03-10T13:30:50 CET" name="checkFinishButton" finished-at="2023-03-10T13:30:51 CET" duration-ms="1255" status="PASS">
          <reporter-output>
          </reporter-output>
        </test-method> <!-- checkFinishButton -->
        <test-method is-config="true" signature="getResult(org.testng.ITestResult)[pri:0, instance:CheckoutOverviewTest@72057ecf]" started-at="2023-03-10T13:30:51 CET" name="getResult" finished-at="2023-03-10T13:30:51 CET" duration-ms="234" status="PASS">
          <params>
            <param index="0">
              <value>
                <![CDATA[[TestResult name=checkFinishButton status=SUCCESS method=CheckoutOverviewTest.checkFinishButton()[pri:0, instance:CheckoutOverviewTest@72057ecf] output={null}]]]>
              </value>
            </param>
          </params>
          <reporter-output>
          </reporter-output>
        </test-method> <!-- getResult -->
        <test-method is-config="true" signature="setup(java.lang.reflect.Method)[pri:0, instance:CheckoutOverviewTest@72057ecf]" started-at="2023-03-10T13:30:51 CET" name="setup" finished-at="2023-03-10T13:30:54 CET" duration-ms="2578" status="PASS">
          <params>
            <param index="0">
              <value>
                <![CDATA[public void CheckoutOverviewTest.checkQuantityOfProducts()]]>
              </value>
            </param>
          </params>
          <reporter-output>
          </reporter-output>
        </test-method> <!-- setup -->
        <test-method signature="checkQuantityOfProducts()[pri:0, instance:CheckoutOverviewTest@72057ecf]" started-at="2023-03-10T13:30:54 CET" name="checkQuantityOfProducts" finished-at="2023-03-10T13:30:56 CET" duration-ms="1558" status="PASS">
          <reporter-output>
          </reporter-output>
        </test-method> <!-- checkQuantityOfProducts -->
        <test-method is-config="true" signature="getResult(org.testng.ITestResult)[pri:0, instance:CheckoutOverviewTest@72057ecf]" started-at="2023-03-10T13:30:56 CET" name="getResult" finished-at="2023-03-10T13:30:56 CET" duration-ms="230" status="PASS">
          <params>
            <param index="0">
              <value>
                <![CDATA[[TestResult name=checkQuantityOfProducts status=SUCCESS method=CheckoutOverviewTest.checkQuantityOfProducts()[pri:0, instance:CheckoutOverviewTest@72057ecf] output={null}]]]>
              </value>
            </param>
          </params>
          <reporter-output>
          </reporter-output>
        </test-method> <!-- getResult -->
        <test-method is-config="true" signature="setup(java.lang.reflect.Method)[pri:0, instance:CheckoutOverviewTest@72057ecf]" started-at="2023-03-10T13:30:56 CET" name="setup" finished-at="2023-03-10T13:30:57 CET" duration-ms="1356" status="PASS">
          <params>
            <param index="0">
              <value>
                <![CDATA[public void CheckoutOverviewTest.summaryTaxAndProducts()]]>
              </value>
            </param>
          </params>
          <reporter-output>
          </reporter-output>
        </test-method> <!-- setup -->
        <test-method signature="summaryTaxAndProducts()[pri:0, instance:CheckoutOverviewTest@72057ecf]" started-at="2023-03-10T13:30:57 CET" name="summaryTaxAndProducts" finished-at="2023-03-10T13:30:59 CET" duration-ms="1639" status="PASS">
          <reporter-output>
          </reporter-output>
        </test-method> <!-- summaryTaxAndProducts -->
        <test-method is-config="true" signature="getResult(org.testng.ITestResult)[pri:0, instance:CheckoutOverviewTest@72057ecf]" started-at="2023-03-10T13:30:59 CET" name="getResult" finished-at="2023-03-10T13:30:59 CET" duration-ms="244" status="PASS">
          <params>
            <param index="0">
              <value>
                <![CDATA[[TestResult name=summaryTaxAndProducts status=SUCCESS method=CheckoutOverviewTest.summaryTaxAndProducts()[pri:0, instance:CheckoutOverviewTest@72057ecf] output={null}]]]>
              </value>
            </param>
          </params>
          <reporter-output>
          </reporter-output>
        </test-method> <!-- getResult -->
        <test-method is-config="true" signature="setup(java.lang.reflect.Method)[pri:0, instance:CheckoutOverviewTest@72057ecf]" started-at="2023-03-10T13:30:59 CET" name="setup" finished-at="2023-03-10T13:31:01 CET" duration-ms="1632" status="PASS">
          <params>
            <param index="0">
              <value>
                <![CDATA[public void CheckoutOverviewTest.totalPrice()]]>
              </value>
            </param>
          </params>
          <reporter-output>
          </reporter-output>
        </test-method> <!-- setup -->
        <test-method signature="totalPrice()[pri:0, instance:CheckoutOverviewTest@72057ecf]" started-at="2023-03-10T13:31:01 CET" name="totalPrice" finished-at="2023-03-10T13:31:02 CET" duration-ms="1572" status="PASS">
          <reporter-output>
          </reporter-output>
        </test-method> <!-- totalPrice -->
        <test-method is-config="true" signature="getResult(org.testng.ITestResult)[pri:0, instance:CheckoutOverviewTest@72057ecf]" started-at="2023-03-10T13:31:02 CET" name="getResult" finished-at="2023-03-10T13:31:02 CET" duration-ms="240" status="PASS">
          <params>
            <param index="0">
              <value>
                <![CDATA[[TestResult name=totalPrice status=SUCCESS method=CheckoutOverviewTest.totalPrice()[pri:0, instance:CheckoutOverviewTest@72057ecf] output={null}]]]>
              </value>
            </param>
          </params>
          <reporter-output>
          </reporter-output>
        </test-method> <!-- getResult -->
      </class> <!-- CheckoutOverviewTest -->
    </test> <!-- Surefire test -->
  </suite> <!-- Surefire suite -->
</testng-results>
