<?xml version="1.0" encoding="UTF-8"?>
<testng-results ignored="6" total="43" passed="37" failed="0" skipped="0">
  <reporter-output>
  </reporter-output>
  <suite started-at="2023-03-11T13:22:37 CET" name="Surefire suite" finished-at="2023-03-11T13:23:59 CET" duration-ms="82397">
    <groups>
    </groups>
    <test started-at="2023-03-11T13:22:37 CET" name="Surefire test" finished-at="2023-03-11T13:23:59 CET" duration-ms="82397">
      <class name="ProductTest">
        <test-method is-config="true" signature="setup(java.lang.reflect.Method)[pri:0, instance:ProductTest@4567f35d]" started-at="2023-03-11T13:23:49 CET" name="setup" finished-at="2023-03-11T13:23:50 CET" duration-ms="1120" status="PASS">
          <params>
            <param index="0">
              <value>
                <![CDATA[public void ProductTest.addToCart()]]>
              </value>
            </param>
          </params>
          <reporter-output>
          </reporter-output>
        </test-method> <!-- setup -->
        <test-method signature="addToCart()[pri:0, instance:ProductTest@4567f35d]" started-at="2023-03-11T13:23:50 CET" name="addToCart" finished-at="2023-03-11T13:23:51 CET" duration-ms="456" status="PASS">
          <reporter-output>
          </reporter-output>
        </test-method> <!-- addToCart -->
        <test-method is-config="true" signature="getResult(org.testng.ITestResult)[pri:0, instance:ProductTest@4567f35d]" started-at="2023-03-11T13:23:51 CET" name="getResult" finished-at="2023-03-11T13:23:51 CET" duration-ms="149" status="PASS">
          <params>
            <param index="0">
              <value>
                <![CDATA[[TestResult name=addToCart status=SUCCESS method=ProductTest.addToCart()[pri:0, instance:ProductTest@4567f35d] output={null}]]]>
              </value>
            </param>
          </params>
          <reporter-output>
          </reporter-output>
        </test-method> <!-- getResult -->
        <test-method is-config="true" signature="setup(java.lang.reflect.Method)[pri:0, instance:ProductTest@4567f35d]" started-at="2023-03-11T13:23:51 CET" name="setup" finished-at="2023-03-11T13:23:52 CET" duration-ms="1169" status="PASS">
          <params>
            <param index="0">
              <value>
                <![CDATA[public void ProductTest.areElementsVisible()]]>
              </value>
            </param>
          </params>
          <reporter-output>
          </reporter-output>
        </test-method> <!-- setup -->
        <test-method signature="areElementsVisible()[pri:0, instance:ProductTest@4567f35d]" started-at="2023-03-11T13:23:52 CET" name="areElementsVisible" finished-at="2023-03-11T13:23:52 CET" duration-ms="410" status="PASS">
          <reporter-output>
          </reporter-output>
        </test-method> <!-- areElementsVisible -->
        <test-method is-config="true" signature="getResult(org.testng.ITestResult)[pri:0, instance:ProductTest@4567f35d]" started-at="2023-03-11T13:23:52 CET" name="getResult" finished-at="2023-03-11T13:23:52 CET" duration-ms="156" status="PASS">
          <params>
            <param index="0">
              <value>
                <![CDATA[[TestResult name=areElementsVisible status=SUCCESS method=ProductTest.areElementsVisible()[pri:0, instance:ProductTest@4567f35d] output={null}]]]>
              </value>
            </param>
          </params>
          <reporter-output>
          </reporter-output>
        </test-method> <!-- getResult -->
        <test-method is-config="true" signature="setup(java.lang.reflect.Method)[pri:0, instance:ProductTest@4567f35d]" started-at="2023-03-11T13:23:52 CET" name="setup" finished-at="2023-03-11T13:23:54 CET" duration-ms="1152" status="PASS">
          <params>
            <param index="0">
              <value>
                <![CDATA[public void ProductTest.backToListingButton()]]>
              </value>
            </param>
          </params>
          <reporter-output>
          </reporter-output>
        </test-method> <!-- setup -->
        <test-method signature="backToListingButton()[pri:0, instance:ProductTest@4567f35d]" started-at="2023-03-11T13:23:54 CET" name="backToListingButton" finished-at="2023-03-11T13:23:54 CET" duration-ms="449" status="PASS">
          <reporter-output>
          </reporter-output>
        </test-method> <!-- backToListingButton -->
        <test-method is-config="true" signature="getResult(org.testng.ITestResult)[pri:0, instance:ProductTest@4567f35d]" started-at="2023-03-11T13:23:54 CET" name="getResult" finished-at="2023-03-11T13:23:54 CET" duration-ms="230" status="PASS">
          <params>
            <param index="0">
              <value>
                <![CDATA[[TestResult name=backToListingButton status=SUCCESS method=ProductTest.backToListingButton()[pri:0, instance:ProductTest@4567f35d] output={null}]]]>
              </value>
            </param>
          </params>
          <reporter-output>
          </reporter-output>
        </test-method> <!-- getResult -->
        <test-method is-config="true" signature="setup(java.lang.reflect.Method)[pri:0, instance:ProductTest@4567f35d]" started-at="2023-03-11T13:23:54 CET" name="setup" finished-at="2023-03-11T13:23:56 CET" duration-ms="1543" status="PASS">
          <params>
            <param index="0">
              <value>
                <![CDATA[public void ProductTest.isRemoveButtonVisible()]]>
              </value>
            </param>
          </params>
          <reporter-output>
          </reporter-output>
        </test-method> <!-- setup -->
        <test-method signature="isRemoveButtonVisible()[pri:0, instance:ProductTest@4567f35d]" started-at="2023-03-11T13:23:56 CET" name="isRemoveButtonVisible" finished-at="2023-03-11T13:23:56 CET" duration-ms="573" status="PASS">
          <reporter-output>
          </reporter-output>
        </test-method> <!-- isRemoveButtonVisible -->
        <test-method is-config="true" signature="getResult(org.testng.ITestResult)[pri:0, instance:ProductTest@4567f35d]" started-at="2023-03-11T13:23:56 CET" name="getResult" finished-at="2023-03-11T13:23:57 CET" duration-ms="213" status="PASS">
          <params>
            <param index="0">
              <value>
                <![CDATA[[TestResult name=isRemoveButtonVisible status=SUCCESS method=ProductTest.isRemoveButtonVisible()[pri:0, instance:ProductTest@4567f35d] output={null}]]]>
              </value>
            </param>
          </params>
          <reporter-output>
          </reporter-output>
        </test-method> <!-- getResult -->
        <test-method is-config="true" signature="setup(java.lang.reflect.Method)[pri:0, instance:ProductTest@4567f35d]" started-at="2023-03-11T13:23:57 CET" name="setup" finished-at="2023-03-11T13:23:58 CET" duration-ms="1634" status="PASS">
          <params>
            <param index="0">
              <value>
                <![CDATA[public void ProductTest.removeProdAddedOnListing()]]>
              </value>
            </param>
          </params>
          <reporter-output>
          </reporter-output>
        </test-method> <!-- setup -->
        <test-method signature="removeProdAddedOnListing()[pri:0, instance:ProductTest@4567f35d]" started-at="2023-03-11T13:23:58 CET" name="removeProdAddedOnListing" finished-at="2023-03-11T13:23:59 CET" duration-ms="536" status="PASS">
          <reporter-output>
          </reporter-output>
        </test-method> <!-- removeProdAddedOnListing -->
        <test-method is-config="true" signature="getResult(org.testng.ITestResult)[pri:0, instance:ProductTest@4567f35d]" started-at="2023-03-11T13:23:59 CET" name="getResult" finished-at="2023-03-11T13:23:59 CET" duration-ms="211" status="PASS">
          <params>
            <param index="0">
              <value>
                <![CDATA[[TestResult name=removeProdAddedOnListing status=SUCCESS method=ProductTest.removeProdAddedOnListing()[pri:0, instance:ProductTest@4567f35d] output={null}]]]>
              </value>
            </param>
          </params>
          <reporter-output>
          </reporter-output>
        </test-method> <!-- getResult -->
      </class> <!-- ProductTest -->
      <class name="CheckoutTest">
        <test-method is-config="true" signature="setup(java.lang.reflect.Method)[pri:0, instance:CheckoutTest@43195e57]" started-at="2023-03-11T13:23:01 CET" name="setup" finished-at="2023-03-11T13:23:02 CET" duration-ms="1581" status="PASS">
          <params>
            <param index="0">
              <value>
                <![CDATA[public void CheckoutTest.allEmptyFields()]]>
              </value>
            </param>
          </params>
          <reporter-output>
          </reporter-output>
        </test-method> <!-- setup -->
        <test-method signature="allEmptyFields()[pri:0, instance:CheckoutTest@43195e57]" started-at="2023-03-11T13:23:02 CET" name="allEmptyFields" finished-at="2023-03-11T13:23:03 CET" duration-ms="655" status="PASS">
          <reporter-output>
          </reporter-output>
        </test-method> <!-- allEmptyFields -->
        <test-method is-config="true" signature="getResult(org.testng.ITestResult)[pri:0, instance:CheckoutTest@43195e57]" started-at="2023-03-11T13:23:03 CET" name="getResult" finished-at="2023-03-11T13:23:03 CET" duration-ms="208" status="PASS">
          <params>
            <param index="0">
              <value>
                <![CDATA[[TestResult name=allEmptyFields status=SUCCESS method=CheckoutTest.allEmptyFields()[pri:0, instance:CheckoutTest@43195e57] output={null}]]]>
              </value>
            </param>
          </params>
          <reporter-output>
          </reporter-output>
        </test-method> <!-- getResult -->
        <test-method is-config="true" signature="setup(java.lang.reflect.Method)[pri:0, instance:CheckoutTest@43195e57]" started-at="2023-03-11T13:23:03 CET" name="setup" finished-at="2023-03-11T13:23:05 CET" duration-ms="1194" status="PASS">
          <params>
            <param index="0">
              <value>
                <![CDATA[public void CheckoutTest.instertAllData()]]>
              </value>
            </param>
          </params>
          <reporter-output>
          </reporter-output>
        </test-method> <!-- setup -->
        <test-method signature="instertAllData()[pri:0, instance:CheckoutTest@43195e57]" started-at="2023-03-11T13:23:05 CET" name="instertAllData" finished-at="2023-03-11T13:23:05 CET" duration-ms="768" status="PASS">
          <reporter-output>
          </reporter-output>
        </test-method> <!-- instertAllData -->
        <test-method is-config="true" signature="getResult(org.testng.ITestResult)[pri:0, instance:CheckoutTest@43195e57]" started-at="2023-03-11T13:23:05 CET" name="getResult" finished-at="2023-03-11T13:23:06 CET" duration-ms="213" status="PASS">
          <params>
            <param index="0">
              <value>
                <![CDATA[[TestResult name=instertAllData status=SUCCESS method=CheckoutTest.instertAllData()[pri:0, instance:CheckoutTest@43195e57] output={null}]]]>
              </value>
            </param>
          </params>
          <reporter-output>
          </reporter-output>
        </test-method> <!-- getResult -->
        <test-method is-config="true" signature="setup(java.lang.reflect.Method)[pri:0, instance:CheckoutTest@43195e57]" started-at="2023-03-11T13:23:06 CET" name="setup" finished-at="2023-03-11T13:23:07 CET" duration-ms="1577" status="PASS">
          <params>
            <param index="0">
              <value>
                <![CDATA[public void CheckoutTest.instertAllWithoutName()]]>
              </value>
            </param>
          </params>
          <reporter-output>
          </reporter-output>
        </test-method> <!-- setup -->
        <test-method signature="instertAllWithoutName()[pri:0, instance:CheckoutTest@43195e57]" started-at="2023-03-11T13:23:07 CET" name="instertAllWithoutName" finished-at="2023-03-11T13:23:08 CET" duration-ms="864" status="PASS">
          <reporter-output>
          </reporter-output>
        </test-method> <!-- instertAllWithoutName -->
        <test-method is-config="true" signature="getResult(org.testng.ITestResult)[pri:0, instance:CheckoutTest@43195e57]" started-at="2023-03-11T13:23:08 CET" name="getResult" finished-at="2023-03-11T13:23:08 CET" duration-ms="219" status="PASS">
          <params>
            <param index="0">
              <value>
                <![CDATA[[TestResult name=instertAllWithoutName status=SUCCESS method=CheckoutTest.instertAllWithoutName()[pri:0, instance:CheckoutTest@43195e57] output={null}]]]>
              </value>
            </param>
          </params>
          <reporter-output>
          </reporter-output>
        </test-method> <!-- getResult -->
        <test-method is-config="true" signature="setup(java.lang.reflect.Method)[pri:0, instance:CheckoutTest@43195e57]" started-at="2023-03-11T13:23:08 CET" name="setup" finished-at="2023-03-11T13:23:10 CET" duration-ms="1607" status="PASS">
          <params>
            <param index="0">
              <value>
                <![CDATA[public void CheckoutTest.instertAllWithoutPostalCode()]]>
              </value>
            </param>
          </params>
          <reporter-output>
          </reporter-output>
        </test-method> <!-- setup -->
        <test-method signature="instertAllWithoutPostalCode()[pri:0, instance:CheckoutTest@43195e57]" started-at="2023-03-11T13:23:10 CET" name="instertAllWithoutPostalCode" finished-at="2023-03-11T13:23:11 CET" duration-ms="892" status="PASS">
          <reporter-output>
          </reporter-output>
        </test-method> <!-- instertAllWithoutPostalCode -->
        <test-method is-config="true" signature="getResult(org.testng.ITestResult)[pri:0, instance:CheckoutTest@43195e57]" started-at="2023-03-11T13:23:11 CET" name="getResult" finished-at="2023-03-11T13:23:11 CET" duration-ms="229" status="PASS">
          <params>
            <param index="0">
              <value>
                <![CDATA[[TestResult name=instertAllWithoutPostalCode status=SUCCESS method=CheckoutTest.instertAllWithoutPostalCode()[pri:0, instance:CheckoutTest@43195e57] output={null}]]]>
              </value>
            </param>
          </params>
          <reporter-output>
          </reporter-output>
        </test-method> <!-- getResult -->
        <test-method is-config="true" signature="setup(java.lang.reflect.Method)[pri:0, instance:CheckoutTest@43195e57]" started-at="2023-03-11T13:23:11 CET" name="setup" finished-at="2023-03-11T13:23:12 CET" duration-ms="1565" status="PASS">
          <params>
            <param index="0">
              <value>
                <![CDATA[public void CheckoutTest.instertAllWithoutSurname()]]>
              </value>
            </param>
          </params>
          <reporter-output>
          </reporter-output>
        </test-method> <!-- setup -->
        <test-method signature="instertAllWithoutSurname()[pri:0, instance:CheckoutTest@43195e57]" started-at="2023-03-11T13:23:12 CET" name="instertAllWithoutSurname" finished-at="2023-03-11T13:23:13 CET" duration-ms="849" status="PASS">
          <reporter-output>
          </reporter-output>
        </test-method> <!-- instertAllWithoutSurname -->
        <test-method is-config="true" signature="getResult(org.testng.ITestResult)[pri:0, instance:CheckoutTest@43195e57]" started-at="2023-03-11T13:23:13 CET" name="getResult" finished-at="2023-03-11T13:23:14 CET" duration-ms="221" status="PASS">
          <params>
            <param index="0">
              <value>
                <![CDATA[[TestResult name=instertAllWithoutSurname status=SUCCESS method=CheckoutTest.instertAllWithoutSurname()[pri:0, instance:CheckoutTest@43195e57] output={null}]]]>
              </value>
            </param>
          </params>
          <reporter-output>
          </reporter-output>
        </test-method> <!-- getResult -->
        <test-method is-config="true" signature="setup(java.lang.reflect.Method)[pri:0, instance:CheckoutTest@43195e57]" started-at="2023-03-11T13:23:14 CET" name="setup" finished-at="2023-03-11T13:23:15 CET" duration-ms="1605" status="PASS">
          <params>
            <param index="0">
              <value>
                <![CDATA[public void CheckoutTest.instertOnlyName()]]>
              </value>
            </param>
          </params>
          <reporter-output>
          </reporter-output>
        </test-method> <!-- setup -->
        <test-method signature="instertOnlyName()[pri:0, instance:CheckoutTest@43195e57]" started-at="2023-03-11T13:23:15 CET" name="instertOnlyName" finished-at="2023-03-11T13:23:16 CET" duration-ms="881" status="PASS">
          <reporter-output>
          </reporter-output>
        </test-method> <!-- instertOnlyName -->
        <test-method is-config="true" signature="getResult(org.testng.ITestResult)[pri:0, instance:CheckoutTest@43195e57]" started-at="2023-03-11T13:23:16 CET" name="getResult" finished-at="2023-03-11T13:23:16 CET" duration-ms="216" status="PASS">
          <params>
            <param index="0">
              <value>
                <![CDATA[[TestResult name=instertOnlyName status=SUCCESS method=CheckoutTest.instertOnlyName()[pri:0, instance:CheckoutTest@43195e57] output={null}]]]>
              </value>
            </param>
          </params>
          <reporter-output>
          </reporter-output>
        </test-method> <!-- getResult -->
        <test-method is-config="true" signature="setup(java.lang.reflect.Method)[pri:0, instance:CheckoutTest@43195e57]" started-at="2023-03-11T13:23:16 CET" name="setup" finished-at="2023-03-11T13:23:18 CET" duration-ms="1611" status="PASS">
          <params>
            <param index="0">
              <value>
                <![CDATA[public void CheckoutTest.instertOnlyPostalCode()]]>
              </value>
            </param>
          </params>
          <reporter-output>
          </reporter-output>
        </test-method> <!-- setup -->
        <test-method signature="instertOnlyPostalCode()[pri:0, instance:CheckoutTest@43195e57]" started-at="2023-03-11T13:23:18 CET" name="instertOnlyPostalCode" finished-at="2023-03-11T13:23:19 CET" duration-ms="847" status="PASS">
          <reporter-output>
          </reporter-output>
        </test-method> <!-- instertOnlyPostalCode -->
        <test-method is-config="true" signature="getResult(org.testng.ITestResult)[pri:0, instance:CheckoutTest@43195e57]" started-at="2023-03-11T13:23:19 CET" name="getResult" finished-at="2023-03-11T13:23:19 CET" duration-ms="228" status="PASS">
          <params>
            <param index="0">
              <value>
                <![CDATA[[TestResult name=instertOnlyPostalCode status=SUCCESS method=CheckoutTest.instertOnlyPostalCode()[pri:0, instance:CheckoutTest@43195e57] output={null}]]]>
              </value>
            </param>
          </params>
          <reporter-output>
          </reporter-output>
        </test-method> <!-- getResult -->
        <test-method is-config="true" signature="setup(java.lang.reflect.Method)[pri:0, instance:CheckoutTest@43195e57]" started-at="2023-03-11T13:23:19 CET" name="setup" finished-at="2023-03-11T13:23:21 CET" duration-ms="1816" status="PASS">
          <params>
            <param index="0">
              <value>
                <![CDATA[public void CheckoutTest.instertOnlySurname()]]>
              </value>
            </param>
          </params>
          <reporter-output>
          </reporter-output>
        </test-method> <!-- setup -->
        <test-method signature="instertOnlySurname()[pri:0, instance:CheckoutTest@43195e57]" started-at="2023-03-11T13:23:21 CET" name="instertOnlySurname" finished-at="2023-03-11T13:23:22 CET" duration-ms="890" status="PASS">
          <reporter-output>
          </reporter-output>
        </test-method> <!-- instertOnlySurname -->
        <test-method is-config="true" signature="getResult(org.testng.ITestResult)[pri:0, instance:CheckoutTest@43195e57]" started-at="2023-03-11T13:23:22 CET" name="getResult" finished-at="2023-03-11T13:23:22 CET" duration-ms="236" status="PASS">
          <params>
            <param index="0">
              <value>
                <![CDATA[[TestResult name=instertOnlySurname status=SUCCESS method=CheckoutTest.instertOnlySurname()[pri:0, instance:CheckoutTest@43195e57] output={null}]]]>
              </value>
            </param>
          </params>
          <reporter-output>
          </reporter-output>
        </test-method> <!-- getResult -->
      </class> <!-- CheckoutTest -->
      <class name="ListingTest">
        <test-method is-config="true" signature="setup(java.lang.reflect.Method)[pri:0, instance:ListingTest@694abbdc]" started-at="2023-03-11T13:23:22 CET" name="setup" finished-at="2023-03-11T13:23:24 CET" duration-ms="1718" status="PASS">
          <params>
            <param index="0">
              <value>
                <![CDATA[public void ListingTest.addToCartFromListing()]]>
              </value>
            </param>
          </params>
          <reporter-output>
          </reporter-output>
        </test-method> <!-- setup -->
        <test-method signature="addToCartFromListing()[pri:0, instance:ListingTest@694abbdc]" started-at="2023-03-11T13:23:24 CET" name="addToCartFromListing" finished-at="2023-03-11T13:23:24 CET" duration-ms="491" status="PASS">
          <reporter-output>
          </reporter-output>
        </test-method> <!-- addToCartFromListing -->
        <test-method is-config="true" signature="getResult(org.testng.ITestResult)[pri:0, instance:ListingTest@694abbdc]" started-at="2023-03-11T13:23:24 CET" name="getResult" finished-at="2023-03-11T13:23:24 CET" duration-ms="157" status="PASS">
          <params>
            <param index="0">
              <value>
                <![CDATA[[TestResult name=addToCartFromListing status=SUCCESS method=ListingTest.addToCartFromListing()[pri:0, instance:ListingTest@694abbdc] output={null}]]]>
              </value>
            </param>
          </params>
          <reporter-output>
          </reporter-output>
        </test-method> <!-- getResult -->
        <test-method is-config="true" signature="setup(java.lang.reflect.Method)[pri:0, instance:ListingTest@694abbdc]" started-at="2023-03-11T13:23:24 CET" name="setup" finished-at="2023-03-11T13:23:26 CET" duration-ms="1479" status="PASS">
          <params>
            <param index="0">
              <value>
                <![CDATA[public void ListingTest.areElementsVisible()]]>
              </value>
            </param>
          </params>
          <reporter-output>
          </reporter-output>
        </test-method> <!-- setup -->
        <test-method signature="areElementsVisible()[pri:0, instance:ListingTest@694abbdc]" started-at="2023-03-11T13:23:26 CET" name="areElementsVisible" finished-at="2023-03-11T13:23:26 CET" duration-ms="290" status="PASS">
          <reporter-output>
          </reporter-output>
        </test-method> <!-- areElementsVisible -->
        <test-method is-config="true" signature="getResult(org.testng.ITestResult)[pri:0, instance:ListingTest@694abbdc]" started-at="2023-03-11T13:23:26 CET" name="getResult" finished-at="2023-03-11T13:23:26 CET" duration-ms="153" status="PASS">
          <params>
            <param index="0">
              <value>
                <![CDATA[[TestResult name=areElementsVisible status=SUCCESS method=ListingTest.areElementsVisible()[pri:0, instance:ListingTest@694abbdc] output={null}]]]>
              </value>
            </param>
          </params>
          <reporter-output>
          </reporter-output>
        </test-method> <!-- getResult -->
        <test-method is-config="true" signature="setup(java.lang.reflect.Method)[pri:0, instance:ListingTest@694abbdc]" started-at="2023-03-11T13:23:26 CET" name="setup" finished-at="2023-03-11T13:23:27 CET" duration-ms="1118" status="PASS">
          <params>
            <param index="0">
              <value>
                <![CDATA[public void ListingTest.removeFromCartFromListing()]]>
              </value>
            </param>
          </params>
          <reporter-output>
          </reporter-output>
        </test-method> <!-- setup -->
        <test-method signature="removeFromCartFromListing()[pri:0, instance:ListingTest@694abbdc]" started-at="2023-03-11T13:23:27 CET" name="removeFromCartFromListing" finished-at="2023-03-11T13:23:28 CET" duration-ms="359" status="PASS">
          <reporter-output>
          </reporter-output>
        </test-method> <!-- removeFromCartFromListing -->
        <test-method is-config="true" signature="getResult(org.testng.ITestResult)[pri:0, instance:ListingTest@694abbdc]" started-at="2023-03-11T13:23:28 CET" name="getResult" finished-at="2023-03-11T13:23:28 CET" duration-ms="158" status="PASS">
          <params>
            <param index="0">
              <value>
                <![CDATA[[TestResult name=removeFromCartFromListing status=SUCCESS method=ListingTest.removeFromCartFromListing()[pri:0, instance:ListingTest@694abbdc] output={null}]]]>
              </value>
            </param>
          </params>
          <reporter-output>
          </reporter-output>
        </test-method> <!-- getResult -->
        <test-method is-config="true" signature="setup(java.lang.reflect.Method)[pri:0, instance:ListingTest@694abbdc]" started-at="2023-03-11T13:23:28 CET" name="setup" finished-at="2023-03-11T13:23:29 CET" duration-ms="1132" status="PASS">
          <params>
            <param index="0">
              <value>
                <![CDATA[public void ListingTest.removeProductAddedFromProdPage()]]>
              </value>
            </param>
          </params>
          <reporter-output>
          </reporter-output>
        </test-method> <!-- setup -->
        <test-method signature="removeProductAddedFromProdPage()[pri:0, instance:ListingTest@694abbdc]" started-at="2023-03-11T13:23:29 CET" name="removeProductAddedFromProdPage" finished-at="2023-03-11T13:23:29 CET" duration-ms="492" status="PASS">
          <reporter-output>
          </reporter-output>
        </test-method> <!-- removeProductAddedFromProdPage -->
        <test-method is-config="true" signature="getResult(org.testng.ITestResult)[pri:0, instance:ListingTest@694abbdc]" started-at="2023-03-11T13:23:29 CET" name="getResult" finished-at="2023-03-11T13:23:30 CET" duration-ms="187" status="PASS">
          <params>
            <param index="0">
              <value>
                <![CDATA[[TestResult name=removeProductAddedFromProdPage status=SUCCESS method=ListingTest.removeProductAddedFromProdPage()[pri:0, instance:ListingTest@694abbdc] output={null}]]]>
              </value>
            </param>
          </params>
          <reporter-output>
          </reporter-output>
        </test-method> <!-- getResult -->
        <test-method is-config="true" signature="setup(java.lang.reflect.Method)[pri:0, instance:ListingTest@694abbdc]" started-at="2023-03-11T13:23:30 CET" name="setup" finished-at="2023-03-11T13:23:31 CET" duration-ms="1125" status="PASS">
          <params>
            <param index="0">
              <value>
                <![CDATA[public void ListingTest.sortingAToZ()]]>
              </value>
            </param>
          </params>
          <reporter-output>
          </reporter-output>
        </test-method> <!-- setup -->
        <test-method signature="sortingAToZ()[pri:0, instance:ListingTest@694abbdc]" started-at="2023-03-11T13:23:31 CET" name="sortingAToZ" finished-at="2023-03-11T13:23:31 CET" duration-ms="462" status="PASS">
          <reporter-output>
          </reporter-output>
        </test-method> <!-- sortingAToZ -->
        <test-method is-config="true" signature="getResult(org.testng.ITestResult)[pri:0, instance:ListingTest@694abbdc]" started-at="2023-03-11T13:23:31 CET" name="getResult" finished-at="2023-03-11T13:23:31 CET" duration-ms="165" status="PASS">
          <params>
            <param index="0">
              <value>
                <![CDATA[[TestResult name=sortingAToZ status=SUCCESS method=ListingTest.sortingAToZ()[pri:0, instance:ListingTest@694abbdc] output={null}]]]>
              </value>
            </param>
          </params>
          <reporter-output>
          </reporter-output>
        </test-method> <!-- getResult -->
        <test-method is-config="true" signature="setup(java.lang.reflect.Method)[pri:0, instance:ListingTest@694abbdc]" started-at="2023-03-11T13:23:31 CET" name="setup" finished-at="2023-03-11T13:23:33 CET" duration-ms="1134" status="PASS">
          <params>
            <param index="0">
              <value>
                <![CDATA[public void ListingTest.sortingByPriceHighToLow()]]>
              </value>
            </param>
          </params>
          <reporter-output>
          </reporter-output>
        </test-method> <!-- setup -->
        <test-method signature="sortingByPriceHighToLow()[pri:0, instance:ListingTest@694abbdc]" started-at="2023-03-11T13:23:33 CET" name="sortingByPriceHighToLow" finished-at="2023-03-11T13:23:33 CET" duration-ms="475" status="PASS">
          <reporter-output>
          </reporter-output>
        </test-method> <!-- sortingByPriceHighToLow -->
        <test-method is-config="true" signature="getResult(org.testng.ITestResult)[pri:0, instance:ListingTest@694abbdc]" started-at="2023-03-11T13:23:33 CET" name="getResult" finished-at="2023-03-11T13:23:33 CET" duration-ms="181" status="PASS">
          <params>
            <param index="0">
              <value>
                <![CDATA[[TestResult name=sortingByPriceHighToLow status=SUCCESS method=ListingTest.sortingByPriceHighToLow()[pri:0, instance:ListingTest@694abbdc] output={null}]]]>
              </value>
            </param>
          </params>
          <reporter-output>
          </reporter-output>
        </test-method> <!-- getResult -->
        <test-method is-config="true" signature="setup(java.lang.reflect.Method)[pri:0, instance:ListingTest@694abbdc]" started-at="2023-03-11T13:23:33 CET" name="setup" finished-at="2023-03-11T13:23:35 CET" duration-ms="1353" status="PASS">
          <params>
            <param index="0">
              <value>
                <![CDATA[public void ListingTest.sortingByPriceLowToHigh()]]>
              </value>
            </param>
          </params>
          <reporter-output>
          </reporter-output>
        </test-method> <!-- setup -->
        <test-method signature="sortingByPriceLowToHigh()[pri:0, instance:ListingTest@694abbdc]" started-at="2023-03-11T13:23:35 CET" name="sortingByPriceLowToHigh" finished-at="2023-03-11T13:23:35 CET" duration-ms="459" status="PASS">
          <reporter-output>
          </reporter-output>
        </test-method> <!-- sortingByPriceLowToHigh -->
        <test-method is-config="true" signature="getResult(org.testng.ITestResult)[pri:0, instance:ListingTest@694abbdc]" started-at="2023-03-11T13:23:35 CET" name="getResult" finished-at="2023-03-11T13:23:35 CET" duration-ms="183" status="PASS">
          <params>
            <param index="0">
              <value>
                <![CDATA[[TestResult name=sortingByPriceLowToHigh status=SUCCESS method=ListingTest.sortingByPriceLowToHigh()[pri:0, instance:ListingTest@694abbdc] output={null}]]]>
              </value>
            </param>
          </params>
          <reporter-output>
          </reporter-output>
        </test-method> <!-- getResult -->
        <test-method is-config="true" signature="setup(java.lang.reflect.Method)[pri:0, instance:ListingTest@694abbdc]" started-at="2023-03-11T13:23:35 CET" name="setup" finished-at="2023-03-11T13:23:36 CET" duration-ms="1125" status="PASS">
          <params>
            <param index="0">
              <value>
                <![CDATA[public void ListingTest.sortingZToA()]]>
              </value>
            </param>
          </params>
          <reporter-output>
          </reporter-output>
        </test-method> <!-- setup -->
        <test-method signature="sortingZToA()[pri:0, instance:ListingTest@694abbdc]" started-at="2023-03-11T13:23:36 CET" name="sortingZToA" finished-at="2023-03-11T13:23:37 CET" duration-ms="455" status="PASS">
          <reporter-output>
          </reporter-output>
        </test-method> <!-- sortingZToA -->
        <test-method is-config="true" signature="getResult(org.testng.ITestResult)[pri:0, instance:ListingTest@694abbdc]" started-at="2023-03-11T13:23:37 CET" name="getResult" finished-at="2023-03-11T13:23:37 CET" duration-ms="174" status="PASS">
          <params>
            <param index="0">
              <value>
                <![CDATA[[TestResult name=sortingZToA status=SUCCESS method=ListingTest.sortingZToA()[pri:0, instance:ListingTest@694abbdc] output={null}]]]>
              </value>
            </param>
          </params>
          <reporter-output>
          </reporter-output>
        </test-method> <!-- getResult -->
        <test-method is-config="true" signature="setup(java.lang.reflect.Method)[pri:0, instance:ListingTest@694abbdc]" started-at="2023-03-11T13:23:37 CET" name="setup" finished-at="2023-03-11T13:23:38 CET" duration-ms="1360" status="PASS">
          <params>
            <param index="0">
              <value>
                <![CDATA[public void ListingTest.updatingDecreasingCartIcon()]]>
              </value>
            </param>
          </params>
          <reporter-output>
          </reporter-output>
        </test-method> <!-- setup -->
        <test-method signature="updatingDecreasingCartIcon()[pri:0, instance:ListingTest@694abbdc]" started-at="2023-03-11T13:23:38 CET" name="updatingDecreasingCartIcon" finished-at="2023-03-11T13:23:39 CET" duration-ms="755" status="PASS">
          <reporter-output>
          </reporter-output>
        </test-method> <!-- updatingDecreasingCartIcon -->
        <test-method is-config="true" signature="getResult(org.testng.ITestResult)[pri:0, instance:ListingTest@694abbdc]" started-at="2023-03-11T13:23:39 CET" name="getResult" finished-at="2023-03-11T13:23:39 CET" duration-ms="148" status="PASS">
          <params>
            <param index="0">
              <value>
                <![CDATA[[TestResult name=updatingDecreasingCartIcon status=SUCCESS method=ListingTest.updatingDecreasingCartIcon()[pri:0, instance:ListingTest@694abbdc] output={null}]]]>
              </value>
            </param>
          </params>
          <reporter-output>
          </reporter-output>
        </test-method> <!-- getResult -->
        <test-method is-config="true" signature="setup(java.lang.reflect.Method)[pri:0, instance:ListingTest@694abbdc]" started-at="2023-03-11T13:23:39 CET" name="setup" finished-at="2023-03-11T13:23:40 CET" duration-ms="1132" status="PASS">
          <params>
            <param index="0">
              <value>
                <![CDATA[public void ListingTest.updatingIncreasingCartIcon()]]>
              </value>
            </param>
          </params>
          <reporter-output>
          </reporter-output>
        </test-method> <!-- setup -->
        <test-method signature="updatingIncreasingCartIcon()[pri:0, instance:ListingTest@694abbdc]" started-at="2023-03-11T13:23:40 CET" name="updatingIncreasingCartIcon" finished-at="2023-03-11T13:23:41 CET" duration-ms="476" status="PASS">
          <reporter-output>
          </reporter-output>
        </test-method> <!-- updatingIncreasingCartIcon -->
        <test-method is-config="true" signature="getResult(org.testng.ITestResult)[pri:0, instance:ListingTest@694abbdc]" started-at="2023-03-11T13:23:41 CET" name="getResult" finished-at="2023-03-11T13:23:41 CET" duration-ms="185" status="PASS">
          <params>
            <param index="0">
              <value>
                <![CDATA[[TestResult name=updatingIncreasingCartIcon status=SUCCESS method=ListingTest.updatingIncreasingCartIcon()[pri:0, instance:ListingTest@694abbdc] output={null}]]]>
              </value>
            </param>
          </params>
          <reporter-output>
          </reporter-output>
        </test-method> <!-- getResult -->
      </class> <!-- ListingTest -->
      <class name="LoginTest">
        <test-method is-config="true" signature="setup(java.lang.reflect.Method)[pri:0, instance:LoginTest@2e005c4b]" started-at="2023-03-11T13:23:41 CET" name="setup" finished-at="2023-03-11T13:23:42 CET" duration-ms="1230" status="PASS">
          <params>
            <param index="0">
              <value>
                <![CDATA[public void LoginTest.loginTest()]]>
              </value>
            </param>
          </params>
          <reporter-output>
          </reporter-output>
        </test-method> <!-- setup -->
        <test-method signature="loginTest()[pri:0, instance:LoginTest@2e005c4b]" started-at="2023-03-11T13:23:42 CET" name="loginTest" finished-at="2023-03-11T13:23:42 CET" duration-ms="231" status="PASS">
          <reporter-output>
          </reporter-output>
        </test-method> <!-- loginTest -->
        <test-method is-config="true" signature="getResult(org.testng.ITestResult)[pri:0, instance:LoginTest@2e005c4b]" started-at="2023-03-11T13:23:42 CET" name="getResult" finished-at="2023-03-11T13:23:43 CET" duration-ms="159" status="PASS">
          <params>
            <param index="0">
              <value>
                <![CDATA[[TestResult name=loginTest status=SUCCESS method=LoginTest.loginTest()[pri:0, instance:LoginTest@2e005c4b] output={null}]]]>
              </value>
            </param>
          </params>
          <reporter-output>
          </reporter-output>
        </test-method> <!-- getResult -->
        <test-method is-config="true" signature="setup(java.lang.reflect.Method)[pri:0, instance:LoginTest@2e005c4b]" started-at="2023-03-11T13:23:43 CET" name="setup" finished-at="2023-03-11T13:23:44 CET" duration-ms="1126" status="PASS">
          <params>
            <param index="0">
              <value>
                <![CDATA[public void LoginTest.loginTestLockedUser()]]>
              </value>
            </param>
          </params>
          <reporter-output>
          </reporter-output>
        </test-method> <!-- setup -->
        <test-method signature="loginTestLockedUser()[pri:0, instance:LoginTest@2e005c4b]" started-at="2023-03-11T13:23:44 CET" name="loginTestLockedUser" finished-at="2023-03-11T13:23:44 CET" duration-ms="218" status="PASS">
          <reporter-output>
          </reporter-output>
        </test-method> <!-- loginTestLockedUser -->
        <test-method is-config="true" signature="getResult(org.testng.ITestResult)[pri:0, instance:LoginTest@2e005c4b]" started-at="2023-03-11T13:23:44 CET" name="getResult" finished-at="2023-03-11T13:23:44 CET" duration-ms="146" status="PASS">
          <params>
            <param index="0">
              <value>
                <![CDATA[[TestResult name=loginTestLockedUser status=SUCCESS method=LoginTest.loginTestLockedUser()[pri:0, instance:LoginTest@2e005c4b] output={null}]]]>
              </value>
            </param>
          </params>
          <reporter-output>
          </reporter-output>
        </test-method> <!-- getResult -->
        <test-method is-config="true" signature="setup(java.lang.reflect.Method)[pri:0, instance:LoginTest@2e005c4b]" started-at="2023-03-11T13:23:44 CET" name="setup" finished-at="2023-03-11T13:23:45 CET" duration-ms="1113" status="PASS">
          <params>
            <param index="0">
              <value>
                <![CDATA[public void LoginTest.loginTestWithoutData()]]>
              </value>
            </param>
          </params>
          <reporter-output>
          </reporter-output>
        </test-method> <!-- setup -->
        <test-method signature="loginTestWithoutData()[pri:0, instance:LoginTest@2e005c4b]" started-at="2023-03-11T13:23:45 CET" name="loginTestWithoutData" finished-at="2023-03-11T13:23:45 CET" duration-ms="172" status="PASS">
          <reporter-output>
          </reporter-output>
        </test-method> <!-- loginTestWithoutData -->
        <test-method is-config="true" signature="getResult(org.testng.ITestResult)[pri:0, instance:LoginTest@2e005c4b]" started-at="2023-03-11T13:23:45 CET" name="getResult" finished-at="2023-03-11T13:23:46 CET" duration-ms="156" status="PASS">
          <params>
            <param index="0">
              <value>
                <![CDATA[[TestResult name=loginTestWithoutData status=SUCCESS method=LoginTest.loginTestWithoutData()[pri:0, instance:LoginTest@2e005c4b] output={null}]]]>
              </value>
            </param>
          </params>
          <reporter-output>
          </reporter-output>
        </test-method> <!-- getResult -->
        <test-method is-config="true" signature="setup(java.lang.reflect.Method)[pri:0, instance:LoginTest@2e005c4b]" started-at="2023-03-11T13:23:46 CET" name="setup" finished-at="2023-03-11T13:23:47 CET" duration-ms="1396" status="PASS">
          <params>
            <param index="0">
              <value>
                <![CDATA[public void LoginTest.loginTestWithoutLogin()]]>
              </value>
            </param>
          </params>
          <reporter-output>
          </reporter-output>
        </test-method> <!-- setup -->
        <test-method signature="loginTestWithoutLogin()[pri:0, instance:LoginTest@2e005c4b]" started-at="2023-03-11T13:23:47 CET" name="loginTestWithoutLogin" finished-at="2023-03-11T13:23:47 CET" duration-ms="198" status="PASS">
          <reporter-output>
          </reporter-output>
        </test-method> <!-- loginTestWithoutLogin -->
        <test-method is-config="true" signature="getResult(org.testng.ITestResult)[pri:0, instance:LoginTest@2e005c4b]" started-at="2023-03-11T13:23:47 CET" name="getResult" finished-at="2023-03-11T13:23:47 CET" duration-ms="153" status="PASS">
          <params>
            <param index="0">
              <value>
                <![CDATA[[TestResult name=loginTestWithoutLogin status=SUCCESS method=LoginTest.loginTestWithoutLogin()[pri:0, instance:LoginTest@2e005c4b] output={null}]]]>
              </value>
            </param>
          </params>
          <reporter-output>
          </reporter-output>
        </test-method> <!-- getResult -->
        <test-method is-config="true" signature="setup(java.lang.reflect.Method)[pri:0, instance:LoginTest@2e005c4b]" started-at="2023-03-11T13:23:47 CET" name="setup" finished-at="2023-03-11T13:23:49 CET" duration-ms="1339" status="PASS">
          <params>
            <param index="0">
              <value>
                <![CDATA[public void LoginTest.loginTestWithoutPassword()]]>
              </value>
            </param>
          </params>
          <reporter-output>
          </reporter-output>
        </test-method> <!-- setup -->
        <test-method signature="loginTestWithoutPassword()[pri:0, instance:LoginTest@2e005c4b]" started-at="2023-03-11T13:23:49 CET" name="loginTestWithoutPassword" finished-at="2023-03-11T13:23:49 CET" duration-ms="195" status="PASS">
          <reporter-output>
          </reporter-output>
        </test-method> <!-- loginTestWithoutPassword -->
        <test-method is-config="true" signature="getResult(org.testng.ITestResult)[pri:0, instance:LoginTest@2e005c4b]" started-at="2023-03-11T13:23:49 CET" name="getResult" finished-at="2023-03-11T13:23:49 CET" duration-ms="144" status="PASS">
          <params>
            <param index="0">
              <value>
                <![CDATA[[TestResult name=loginTestWithoutPassword status=SUCCESS method=LoginTest.loginTestWithoutPassword()[pri:0, instance:LoginTest@2e005c4b] output={null}]]]>
              </value>
            </param>
          </params>
          <reporter-output>
          </reporter-output>
        </test-method> <!-- getResult -->
      </class> <!-- LoginTest -->
      <class name="CartTest">
        <test-method is-config="true" signature="setup(java.lang.reflect.Method)[pri:0, instance:CartTest@6973b51b]" started-at="2023-03-11T13:22:37 CET" name="setup" finished-at="2023-03-11T13:22:39 CET" duration-ms="2723" status="PASS">
          <params>
            <param index="0">
              <value>
                <![CDATA[public void CartTest.checkProductsInCart()]]>
              </value>
            </param>
          </params>
          <reporter-output>
          </reporter-output>
        </test-method> <!-- setup -->
        <test-method signature="checkProductsInCart()[pri:0, instance:CartTest@6973b51b]" started-at="2023-03-11T13:22:39 CET" name="checkProductsInCart" finished-at="2023-03-11T13:22:40 CET" duration-ms="650" status="PASS">
          <reporter-output>
          </reporter-output>
        </test-method> <!-- checkProductsInCart -->
        <test-method is-config="true" signature="getResult(org.testng.ITestResult)[pri:0, instance:CartTest@6973b51b]" started-at="2023-03-11T13:22:40 CET" name="getResult" finished-at="2023-03-11T13:22:41 CET" duration-ms="535" status="PASS">
          <params>
            <param index="0">
              <value>
                <![CDATA[[TestResult name=checkProductsInCart status=SUCCESS method=CartTest.checkProductsInCart()[pri:0, instance:CartTest@6973b51b] output={null}]]]>
              </value>
            </param>
          </params>
          <reporter-output>
          </reporter-output>
        </test-method> <!-- getResult -->
        <test-method is-config="true" signature="setup(java.lang.reflect.Method)[pri:0, instance:CartTest@6973b51b]" started-at="2023-03-11T13:22:41 CET" name="setup" finished-at="2023-03-11T13:22:42 CET" duration-ms="1261" status="PASS">
          <params>
            <param index="0">
              <value>
                <![CDATA[public void CartTest.checkoutButton()]]>
              </value>
            </param>
          </params>
          <reporter-output>
          </reporter-output>
        </test-method> <!-- setup -->
        <test-method signature="checkoutButton()[pri:0, instance:CartTest@6973b51b]" started-at="2023-03-11T13:22:42 CET" name="checkoutButton" finished-at="2023-03-11T13:22:42 CET" duration-ms="505" status="PASS">
          <reporter-output>
          </reporter-output>
        </test-method> <!-- checkoutButton -->
        <test-method is-config="true" signature="getResult(org.testng.ITestResult)[pri:0, instance:CartTest@6973b51b]" started-at="2023-03-11T13:22:42 CET" name="getResult" finished-at="2023-03-11T13:22:43 CET" duration-ms="225" status="PASS">
          <params>
            <param index="0">
              <value>
                <![CDATA[[TestResult name=checkoutButton status=SUCCESS method=CartTest.checkoutButton()[pri:0, instance:CartTest@6973b51b] output={null}]]]>
              </value>
            </param>
          </params>
          <reporter-output>
          </reporter-output>
        </test-method> <!-- getResult -->
        <test-method is-config="true" signature="setup(java.lang.reflect.Method)[pri:0, instance:CartTest@6973b51b]" started-at="2023-03-11T13:22:43 CET" name="setup" finished-at="2023-03-11T13:22:44 CET" duration-ms="1508" status="PASS">
          <params>
            <param index="0">
              <value>
                <![CDATA[public void CartTest.continueShoppingButton()]]>
              </value>
            </param>
          </params>
          <reporter-output>
          </reporter-output>
        </test-method> <!-- setup -->
        <test-method signature="continueShoppingButton()[pri:0, instance:CartTest@6973b51b]" started-at="2023-03-11T13:22:44 CET" name="continueShoppingButton" finished-at="2023-03-11T13:22:45 CET" duration-ms="498" status="PASS">
          <reporter-output>
          </reporter-output>
        </test-method> <!-- continueShoppingButton -->
        <test-method is-config="true" signature="getResult(org.testng.ITestResult)[pri:0, instance:CartTest@6973b51b]" started-at="2023-03-11T13:22:45 CET" name="getResult" finished-at="2023-03-11T13:22:45 CET" duration-ms="226" status="PASS">
          <params>
            <param index="0">
              <value>
                <![CDATA[[TestResult name=continueShoppingButton status=SUCCESS method=CartTest.continueShoppingButton()[pri:0, instance:CartTest@6973b51b] output={null}]]]>
              </value>
            </param>
          </params>
          <reporter-output>
          </reporter-output>
        </test-method> <!-- getResult -->
        <test-method is-config="true" signature="setup(java.lang.reflect.Method)[pri:0, instance:CartTest@6973b51b]" started-at="2023-03-11T13:22:45 CET" name="setup" finished-at="2023-03-11T13:22:46 CET" duration-ms="1576" status="PASS">
          <params>
            <param index="0">
              <value>
                <![CDATA[public void CartTest.removeProductInCart()]]>
              </value>
            </param>
          </params>
          <reporter-output>
          </reporter-output>
        </test-method> <!-- setup -->
        <test-method signature="removeProductInCart()[pri:0, instance:CartTest@6973b51b]" started-at="2023-03-11T13:22:46 CET" name="removeProductInCart" finished-at="2023-03-11T13:22:47 CET" duration-ms="528" status="PASS">
          <reporter-output>
          </reporter-output>
        </test-method> <!-- removeProductInCart -->
        <test-method is-config="true" signature="getResult(org.testng.ITestResult)[pri:0, instance:CartTest@6973b51b]" started-at="2023-03-11T13:22:47 CET" name="getResult" finished-at="2023-03-11T13:22:47 CET" duration-ms="179" status="PASS">
          <params>
            <param index="0">
              <value>
                <![CDATA[[TestResult name=removeProductInCart status=SUCCESS method=CartTest.removeProductInCart()[pri:0, instance:CartTest@6973b51b] output={null}]]]>
              </value>
            </param>
          </params>
          <reporter-output>
          </reporter-output>
        </test-method> <!-- getResult -->
      </class> <!-- CartTest -->
      <class name="BaseTest">
        <test-method is-config="true" signature="reportSetup()[pri:0, instance:BaseTest@291ae]" started-at="2023-03-11T13:22:36 CET" name="reportSetup" finished-at="2023-03-11T13:22:37 CET" duration-ms="127" status="PASS">
          <reporter-output>
          </reporter-output>
        </test-method> <!-- reportSetup -->
      </class> <!-- BaseTest -->
      <class name="CheckoutOverviewTest">
        <test-method is-config="true" signature="setup(java.lang.reflect.Method)[pri:0, instance:CheckoutOverviewTest@1ab3a8c8]" started-at="2023-03-11T13:22:47 CET" name="setup" finished-at="2023-03-11T13:22:49 CET" duration-ms="1501" status="PASS">
          <params>
            <param index="0">
              <value>
                <![CDATA[public void CheckoutOverviewTest.checkCancelButton()]]>
              </value>
            </param>
          </params>
          <reporter-output>
          </reporter-output>
        </test-method> <!-- setup -->
        <test-method signature="checkCancelButton()[pri:0, instance:CheckoutOverviewTest@1ab3a8c8]" started-at="2023-03-11T13:22:49 CET" name="checkCancelButton" finished-at="2023-03-11T13:22:50 CET" duration-ms="1034" status="PASS">
          <reporter-output>
          </reporter-output>
        </test-method> <!-- checkCancelButton -->
        <test-method is-config="true" signature="getResult(org.testng.ITestResult)[pri:0, instance:CheckoutOverviewTest@1ab3a8c8]" started-at="2023-03-11T13:22:50 CET" name="getResult" finished-at="2023-03-11T13:22:50 CET" duration-ms="211" status="PASS">
          <params>
            <param index="0">
              <value>
                <![CDATA[[TestResult name=checkCancelButton status=SUCCESS method=CheckoutOverviewTest.checkCancelButton()[pri:0, instance:CheckoutOverviewTest@1ab3a8c8] output={null}]]]>
              </value>
            </param>
          </params>
          <reporter-output>
          </reporter-output>
        </test-method> <!-- getResult -->
        <test-method is-config="true" signature="setup(java.lang.reflect.Method)[pri:0, instance:CheckoutOverviewTest@1ab3a8c8]" started-at="2023-03-11T13:22:50 CET" name="setup" finished-at="2023-03-11T13:22:51 CET" duration-ms="1220" status="PASS">
          <params>
            <param index="0">
              <value>
                <![CDATA[public void CheckoutOverviewTest.checkFinishButton()]]>
              </value>
            </param>
          </params>
          <reporter-output>
          </reporter-output>
        </test-method> <!-- setup -->
        <test-method signature="checkFinishButton()[pri:0, instance:CheckoutOverviewTest@1ab3a8c8]" started-at="2023-03-11T13:22:51 CET" name="checkFinishButton" finished-at="2023-03-11T13:22:52 CET" duration-ms="1054" status="PASS">
          <reporter-output>
          </reporter-output>
        </test-method> <!-- checkFinishButton -->
        <test-method is-config="true" signature="getResult(org.testng.ITestResult)[pri:0, instance:CheckoutOverviewTest@1ab3a8c8]" started-at="2023-03-11T13:22:52 CET" name="getResult" finished-at="2023-03-11T13:22:52 CET" duration-ms="232" status="PASS">
          <params>
            <param index="0">
              <value>
                <![CDATA[[TestResult name=checkFinishButton status=SUCCESS method=CheckoutOverviewTest.checkFinishButton()[pri:0, instance:CheckoutOverviewTest@1ab3a8c8] output={null}]]]>
              </value>
            </param>
          </params>
          <reporter-output>
          </reporter-output>
        </test-method> <!-- getResult -->
        <test-method is-config="true" signature="setup(java.lang.reflect.Method)[pri:0, instance:CheckoutOverviewTest@1ab3a8c8]" started-at="2023-03-11T13:22:52 CET" name="setup" finished-at="2023-03-11T13:22:54 CET" duration-ms="1252" status="PASS">
          <params>
            <param index="0">
              <value>
                <![CDATA[public void CheckoutOverviewTest.checkQuantityOfProducts()]]>
              </value>
            </param>
          </params>
          <reporter-output>
          </reporter-output>
        </test-method> <!-- setup -->
        <test-method signature="checkQuantityOfProducts()[pri:0, instance:CheckoutOverviewTest@1ab3a8c8]" started-at="2023-03-11T13:22:54 CET" name="checkQuantityOfProducts" finished-at="2023-03-11T13:22:55 CET" duration-ms="1243" status="PASS">
          <reporter-output>
          </reporter-output>
        </test-method> <!-- checkQuantityOfProducts -->
        <test-method is-config="true" signature="getResult(org.testng.ITestResult)[pri:0, instance:CheckoutOverviewTest@1ab3a8c8]" started-at="2023-03-11T13:22:55 CET" name="getResult" finished-at="2023-03-11T13:22:55 CET" duration-ms="212" status="PASS">
          <params>
            <param index="0">
              <value>
                <![CDATA[[TestResult name=checkQuantityOfProducts status=SUCCESS method=CheckoutOverviewTest.checkQuantityOfProducts()[pri:0, instance:CheckoutOverviewTest@1ab3a8c8] output={null}]]]>
              </value>
            </param>
          </params>
          <reporter-output>
          </reporter-output>
        </test-method> <!-- getResult -->
        <test-method is-config="true" signature="setup(java.lang.reflect.Method)[pri:0, instance:CheckoutOverviewTest@1ab3a8c8]" started-at="2023-03-11T13:22:55 CET" name="setup" finished-at="2023-03-11T13:22:57 CET" duration-ms="1560" status="PASS">
          <params>
            <param index="0">
              <value>
                <![CDATA[public void CheckoutOverviewTest.summaryTaxAndProducts()]]>
              </value>
            </param>
          </params>
          <reporter-output>
          </reporter-output>
        </test-method> <!-- setup -->
        <test-method signature="summaryTaxAndProducts()[pri:0, instance:CheckoutOverviewTest@1ab3a8c8]" started-at="2023-03-11T13:22:57 CET" name="summaryTaxAndProducts" finished-at="2023-03-11T13:22:58 CET" duration-ms="1406" status="PASS">
          <reporter-output>
          </reporter-output>
        </test-method> <!-- summaryTaxAndProducts -->
        <test-method is-config="true" signature="getResult(org.testng.ITestResult)[pri:0, instance:CheckoutOverviewTest@1ab3a8c8]" started-at="2023-03-11T13:22:58 CET" name="getResult" finished-at="2023-03-11T13:22:58 CET" duration-ms="198" status="PASS">
          <params>
            <param index="0">
              <value>
                <![CDATA[[TestResult name=summaryTaxAndProducts status=SUCCESS method=CheckoutOverviewTest.summaryTaxAndProducts()[pri:0, instance:CheckoutOverviewTest@1ab3a8c8] output={null}]]]>
              </value>
            </param>
          </params>
          <reporter-output>
          </reporter-output>
        </test-method> <!-- getResult -->
        <test-method is-config="true" signature="setup(java.lang.reflect.Method)[pri:0, instance:CheckoutOverviewTest@1ab3a8c8]" started-at="2023-03-11T13:22:58 CET" name="setup" finished-at="2023-03-11T13:22:59 CET" duration-ms="1201" status="PASS">
          <params>
            <param index="0">
              <value>
                <![CDATA[public void CheckoutOverviewTest.totalPrice()]]>
              </value>
            </param>
          </params>
          <reporter-output>
          </reporter-output>
        </test-method> <!-- setup -->
        <test-method signature="totalPrice()[pri:0, instance:CheckoutOverviewTest@1ab3a8c8]" started-at="2023-03-11T13:22:59 CET" name="totalPrice" finished-at="2023-03-11T13:23:01 CET" duration-ms="1335" status="PASS">
          <reporter-output>
          </reporter-output>
        </test-method> <!-- totalPrice -->
        <test-method is-config="true" signature="getResult(org.testng.ITestResult)[pri:0, instance:CheckoutOverviewTest@1ab3a8c8]" started-at="2023-03-11T13:23:01 CET" name="getResult" finished-at="2023-03-11T13:23:01 CET" duration-ms="222" status="PASS">
          <params>
            <param index="0">
              <value>
                <![CDATA[[TestResult name=totalPrice status=SUCCESS method=CheckoutOverviewTest.totalPrice()[pri:0, instance:CheckoutOverviewTest@1ab3a8c8] output={null}]]]>
              </value>
            </param>
          </params>
          <reporter-output>
          </reporter-output>
        </test-method> <!-- getResult -->
      </class> <!-- CheckoutOverviewTest -->
    </test> <!-- Surefire test -->
  </suite> <!-- Surefire suite -->
</testng-results>
